;  LST file generated by mikroListExporter - v.2.0 
; Date/Time: 2/28/2023 12:14:33 AM
;----------------------------------------------

;Address Opcode 	ASM
0x0000	0x2AA9      	GOTO       681
_Delay_1us:
;__Lib_Delays.c,7 :: 		void Delay_1us() {
;__Lib_Delays.c,8 :: 		Delay_us(1);
0x0003	0x0000      	NOP
;__Lib_Delays.c,9 :: 		}
L_end_Delay_1us:
0x0004	0x0008      	RETURN
; end of _Delay_1us
_Div_16X16_U:
;__Lib_Math.c,215 :: 		
;__Lib_Math.c,222 :: 		
0x0005	0x1283      	BCF        STATUS, 5
;__Lib_Math.c,223 :: 		
0x0006	0x1303      	BCF        STATUS, 6
;__Lib_Math.c,224 :: 		
0x0007	0x01F8      	CLRF       R8
;__Lib_Math.c,225 :: 		
0x0008	0x01F9      	CLRF       R9
;__Lib_Math.c,226 :: 		
0x0009	0x3010      	MOVLW      16
;__Lib_Math.c,227 :: 		
0x000A	0x00FC      	MOVWF      R12
;__Lib_Math.c,228 :: 		
0x000B	0x0D71      	RLF        R1, 0
;__Lib_Math.c,229 :: 		
0x000C	0x0DF8      	RLF        R8, 1
;__Lib_Math.c,230 :: 		
0x000D	0x0DF9      	RLF        R9, 1
;__Lib_Math.c,231 :: 		
0x000E	0x0874      	MOVF       R4, 0
;__Lib_Math.c,232 :: 		
0x000F	0x02F8      	SUBWF      R8, 1
;__Lib_Math.c,233 :: 		
0x0010	0x0875      	MOVF       R5, 0
;__Lib_Math.c,234 :: 		
0x0011	0x1C03      	BTFSS      STATUS, 0
;__Lib_Math.c,235 :: 		
0x0012	0x0F75      	INCFSZ     R5, 0
;__Lib_Math.c,236 :: 		
0x0013	0x02F9      	SUBWF      R9, 1
;__Lib_Math.c,237 :: 		
0x0014	0x1803      	BTFSC      STATUS, 0
;__Lib_Math.c,238 :: 		
0x0015	0x281D      	GOTO       $+8
;__Lib_Math.c,239 :: 		
0x0016	0x0874      	MOVF       R4, 0
;__Lib_Math.c,240 :: 		
0x0017	0x07F8      	ADDWF      R8, 1
;__Lib_Math.c,241 :: 		
0x0018	0x0875      	MOVF       R5, 0
;__Lib_Math.c,242 :: 		
0x0019	0x1803      	BTFSC      STATUS, 0
;__Lib_Math.c,243 :: 		
0x001A	0x0F75      	INCFSZ     R5, 0
;__Lib_Math.c,244 :: 		
0x001B	0x07F9      	ADDWF      R9, 1
;__Lib_Math.c,245 :: 		
0x001C	0x1003      	BCF        STATUS, 0
;__Lib_Math.c,246 :: 		
0x001D	0x0DF0      	RLF        R0, 1
;__Lib_Math.c,247 :: 		
0x001E	0x0DF1      	RLF        R1, 1
;__Lib_Math.c,248 :: 		
0x001F	0x0BFC      	DECFSZ     R12, 1
;__Lib_Math.c,249 :: 		
0x0020	0x280B      	GOTO       $-21
;__Lib_Math.c,251 :: 		
L_end_Div_16X16_U:
0x0021	0x0008      	RETURN
; end of _Div_16X16_U
_Delay_50us:
;__Lib_Delays.c,19 :: 		void Delay_50us() {
;__Lib_Delays.c,20 :: 		Delay_us(50);
0x0022	0x3010      	MOVLW      16
0x0023	0x1283      	BCF        STATUS, 5
0x0024	0x1303      	BCF        STATUS, 6
0x0025	0x00FD      	MOVWF      R13
L_Delay_50us2:
0x0026	0x0BFD      	DECFSZ     R13, 1
0x0027	0x2826      	GOTO       L_Delay_50us2
0x0028	0x0000      	NOP
;__Lib_Delays.c,21 :: 		}
L_end_Delay_50us:
0x0029	0x0008      	RETURN
; end of _Delay_50us
_Delay_5500us:
;__Lib_Delays.c,31 :: 		void Delay_5500us() {
;__Lib_Delays.c,32 :: 		Delay_us(5500);
0x002A	0x3008      	MOVLW      8
0x002B	0x1283      	BCF        STATUS, 5
0x002C	0x1303      	BCF        STATUS, 6
0x002D	0x00FC      	MOVWF      R12
0x002E	0x3023      	MOVLW      35
0x002F	0x00FD      	MOVWF      R13
L_Delay_5500us5:
0x0030	0x0BFD      	DECFSZ     R13, 1
0x0031	0x2830      	GOTO       L_Delay_5500us5
0x0032	0x0BFC      	DECFSZ     R12, 1
0x0033	0x2830      	GOTO       L_Delay_5500us5
;__Lib_Delays.c,33 :: 		}
L_end_Delay_5500us:
0x0034	0x0008      	RETURN
; end of _Delay_5500us
_Lcd_Cmd:
;__Lib_Lcd.c,18 :: 		
;__Lib_Lcd.c,20 :: 		
0x0035	0x1683      	BSF        STATUS, 5
0x0036	0x1303      	BCF        STATUS, 6
0x0037	0x1BD6      	BTFSC      FARG_Lcd_Cmd_out_char, 7
0x0038	0x283C      	GOTO       L__Lcd_Cmd21
0x0039	0x1283      	BCF        STATUS, 5
0x003A	0x1286      	BCF        LCD_D7, BitPos(LCD_D7+0)
0x003B	0x283E      	GOTO       L__Lcd_Cmd22
L__Lcd_Cmd21:
0x003C	0x1283      	BCF        STATUS, 5
0x003D	0x1686      	BSF        LCD_D7, BitPos(LCD_D7+0)
L__Lcd_Cmd22:
;__Lib_Lcd.c,21 :: 		
0x003E	0x1683      	BSF        STATUS, 5
0x003F	0x1B56      	BTFSC      FARG_Lcd_Cmd_out_char, 6
0x0040	0x2844      	GOTO       L__Lcd_Cmd23
0x0041	0x1283      	BCF        STATUS, 5
0x0042	0x1206      	BCF        LCD_D6, BitPos(LCD_D6+0)
0x0043	0x2846      	GOTO       L__Lcd_Cmd24
L__Lcd_Cmd23:
0x0044	0x1283      	BCF        STATUS, 5
0x0045	0x1606      	BSF        LCD_D6, BitPos(LCD_D6+0)
L__Lcd_Cmd24:
;__Lib_Lcd.c,22 :: 		
0x0046	0x1683      	BSF        STATUS, 5
0x0047	0x1AD6      	BTFSC      FARG_Lcd_Cmd_out_char, 5
0x0048	0x284C      	GOTO       L__Lcd_Cmd25
0x0049	0x1283      	BCF        STATUS, 5
0x004A	0x1186      	BCF        LCD_D5, BitPos(LCD_D5+0)
0x004B	0x284E      	GOTO       L__Lcd_Cmd26
L__Lcd_Cmd25:
0x004C	0x1283      	BCF        STATUS, 5
0x004D	0x1586      	BSF        LCD_D5, BitPos(LCD_D5+0)
L__Lcd_Cmd26:
;__Lib_Lcd.c,23 :: 		
0x004E	0x1683      	BSF        STATUS, 5
0x004F	0x1A56      	BTFSC      FARG_Lcd_Cmd_out_char, 4
0x0050	0x2854      	GOTO       L__Lcd_Cmd27
0x0051	0x1283      	BCF        STATUS, 5
0x0052	0x1106      	BCF        LCD_D4, BitPos(LCD_D4+0)
0x0053	0x2856      	GOTO       L__Lcd_Cmd28
L__Lcd_Cmd27:
0x0054	0x1283      	BCF        STATUS, 5
0x0055	0x1506      	BSF        LCD_D4, BitPos(LCD_D4+0)
L__Lcd_Cmd28:
;__Lib_Lcd.c,25 :: 		
0x0056	0x1683      	BSF        STATUS, 5
0x0057	0x183A      	BTFSC      __Lib_Lcd_cmd_status, BitPos(__Lib_Lcd_cmd_status+0)
0x0058	0x285C      	GOTO       L__Lcd_Cmd29
0x0059	0x1283      	BCF        STATUS, 5
0x005A	0x1406      	BSF        LCD_RS, BitPos(LCD_RS+0)
0x005B	0x285E      	GOTO       L__Lcd_Cmd30
L__Lcd_Cmd29:
0x005C	0x1283      	BCF        STATUS, 5
0x005D	0x1006      	BCF        LCD_RS, BitPos(LCD_RS+0)
L__Lcd_Cmd30:
;__Lib_Lcd.c,28 :: 		
0x005E	0x1486      	BSF        LCD_EN, BitPos(LCD_EN+0)
;__Lib_Lcd.c,29 :: 		
0x005F	0x2003      	CALL       _Delay_1us
;__Lib_Lcd.c,30 :: 		
0x0060	0x1086      	BCF        LCD_EN, BitPos(LCD_EN+0)
;__Lib_Lcd.c,33 :: 		
0x0061	0x1683      	BSF        STATUS, 5
0x0062	0x19D6      	BTFSC      FARG_Lcd_Cmd_out_char, 3
0x0063	0x2867      	GOTO       L__Lcd_Cmd31
0x0064	0x1283      	BCF        STATUS, 5
0x0065	0x1286      	BCF        LCD_D7, BitPos(LCD_D7+0)
0x0066	0x2869      	GOTO       L__Lcd_Cmd32
L__Lcd_Cmd31:
0x0067	0x1283      	BCF        STATUS, 5
0x0068	0x1686      	BSF        LCD_D7, BitPos(LCD_D7+0)
L__Lcd_Cmd32:
;__Lib_Lcd.c,34 :: 		
0x0069	0x1683      	BSF        STATUS, 5
0x006A	0x1956      	BTFSC      FARG_Lcd_Cmd_out_char, 2
0x006B	0x286F      	GOTO       L__Lcd_Cmd33
0x006C	0x1283      	BCF        STATUS, 5
0x006D	0x1206      	BCF        LCD_D6, BitPos(LCD_D6+0)
0x006E	0x2871      	GOTO       L__Lcd_Cmd34
L__Lcd_Cmd33:
0x006F	0x1283      	BCF        STATUS, 5
0x0070	0x1606      	BSF        LCD_D6, BitPos(LCD_D6+0)
L__Lcd_Cmd34:
;__Lib_Lcd.c,35 :: 		
0x0071	0x1683      	BSF        STATUS, 5
0x0072	0x18D6      	BTFSC      FARG_Lcd_Cmd_out_char, 1
0x0073	0x2877      	GOTO       L__Lcd_Cmd35
0x0074	0x1283      	BCF        STATUS, 5
0x0075	0x1186      	BCF        LCD_D5, BitPos(LCD_D5+0)
0x0076	0x2879      	GOTO       L__Lcd_Cmd36
L__Lcd_Cmd35:
0x0077	0x1283      	BCF        STATUS, 5
0x0078	0x1586      	BSF        LCD_D5, BitPos(LCD_D5+0)
L__Lcd_Cmd36:
;__Lib_Lcd.c,36 :: 		
0x0079	0x1683      	BSF        STATUS, 5
0x007A	0x1856      	BTFSC      FARG_Lcd_Cmd_out_char, 0
0x007B	0x287F      	GOTO       L__Lcd_Cmd37
0x007C	0x1283      	BCF        STATUS, 5
0x007D	0x1106      	BCF        LCD_D4, BitPos(LCD_D4+0)
0x007E	0x2881      	GOTO       L__Lcd_Cmd38
L__Lcd_Cmd37:
0x007F	0x1283      	BCF        STATUS, 5
0x0080	0x1506      	BSF        LCD_D4, BitPos(LCD_D4+0)
L__Lcd_Cmd38:
;__Lib_Lcd.c,38 :: 		
0x0081	0x1683      	BSF        STATUS, 5
0x0082	0x183A      	BTFSC      __Lib_Lcd_cmd_status, BitPos(__Lib_Lcd_cmd_status+0)
0x0083	0x2887      	GOTO       L__Lcd_Cmd39
0x0084	0x1283      	BCF        STATUS, 5
0x0085	0x1406      	BSF        LCD_RS, BitPos(LCD_RS+0)
0x0086	0x2889      	GOTO       L__Lcd_Cmd40
L__Lcd_Cmd39:
0x0087	0x1283      	BCF        STATUS, 5
0x0088	0x1006      	BCF        LCD_RS, BitPos(LCD_RS+0)
L__Lcd_Cmd40:
;__Lib_Lcd.c,40 :: 		
0x0089	0x1486      	BSF        LCD_EN, BitPos(LCD_EN+0)
;__Lib_Lcd.c,41 :: 		
0x008A	0x2003      	CALL       _Delay_1us
;__Lib_Lcd.c,42 :: 		
0x008B	0x1086      	BCF        LCD_EN, BitPos(LCD_EN+0)
;__Lib_Lcd.c,44 :: 		
0x008C	0x1683      	BSF        STATUS, 5
0x008D	0x1C3A      	BTFSS      __Lib_Lcd_cmd_status, BitPos(__Lib_Lcd_cmd_status+0)
0x008E	0x2891      	GOTO       L_Lcd_Cmd0
;__Lib_Lcd.c,45 :: 		
0x008F	0x202A      	CALL       _Delay_5500us
0x0090	0x2892      	GOTO       L_Lcd_Cmd1
L_Lcd_Cmd0:
;__Lib_Lcd.c,47 :: 		
0x0091	0x2022      	CALL       _Delay_50us
L_Lcd_Cmd1:
;__Lib_Lcd.c,48 :: 		
L_end_Lcd_Cmd:
0x0092	0x0008      	RETURN
; end of _Lcd_Cmd
_WordToStr:
;__Lib_Conversions.c,98 :: 		
;__Lib_Conversions.c,103 :: 		
0x0093	0x1683      	BSF        STATUS, 5
0x0094	0x1303      	BCF        STATUS, 6
0x0095	0x01D9      	CLRF       WordToStr_len_L0
L_WordToStr11:
0x0096	0x3005      	MOVLW      5
0x0097	0x0259      	SUBWF      WordToStr_len_L0, 0
0x0098	0x1803      	BTFSC      STATUS, 0
0x0099	0x28A1      	GOTO       L_WordToStr12
;__Lib_Conversions.c,104 :: 		
0x009A	0x0859      	MOVF       WordToStr_len_L0, 0
0x009B	0x0758      	ADDWF      FARG_WordToStr_output, 0
0x009C	0x0084      	MOVWF      FSR
0x009D	0x3020      	MOVLW      32
0x009E	0x0080      	MOVWF      INDF
;__Lib_Conversions.c,103 :: 		
0x009F	0x0AD9      	INCF       WordToStr_len_L0, 1
;__Lib_Conversions.c,104 :: 		
0x00A0	0x2896      	GOTO       L_WordToStr11
L_WordToStr12:
;__Lib_Conversions.c,105 :: 		
0x00A1	0x0859      	MOVF       WordToStr_len_L0, 0
0x00A2	0x0758      	ADDWF      FARG_WordToStr_output, 0
0x00A3	0x0084      	MOVWF      FSR
0x00A4	0x0180      	CLRF       INDF
0x00A5	0x03D9      	DECF       WordToStr_len_L0, 1
;__Lib_Conversions.c,107 :: 		
L_WordToStr14:
;__Lib_Conversions.c,108 :: 		
0x00A6	0x0859      	MOVF       WordToStr_len_L0, 0
0x00A7	0x0758      	ADDWF      FARG_WordToStr_output, 0
0x00A8	0x00DA      	MOVWF      FLOC__WordToStr
0x00A9	0x300A      	MOVLW      10
0x00AA	0x00F4      	MOVWF      R4
0x00AB	0x01F5      	CLRF       R4+1
0x00AC	0x0856      	MOVF       FARG_WordToStr_input, 0
0x00AD	0x00F0      	MOVWF      R0
0x00AE	0x0857      	MOVF       FARG_WordToStr_input+1, 0
0x00AF	0x00F1      	MOVWF      R0+1
0x00B0	0x2005      	CALL       _Div_16X16_U
0x00B1	0x0878      	MOVF       R8, 0
0x00B2	0x00F0      	MOVWF      R0
0x00B3	0x0879      	MOVF       R8+1, 0
0x00B4	0x00F1      	MOVWF      R0+1
0x00B5	0x3030      	MOVLW      48
0x00B6	0x07F0      	ADDWF      R0, 1
0x00B7	0x1683      	BSF        STATUS, 5
0x00B8	0x085A      	MOVF       FLOC__WordToStr, 0
0x00B9	0x0084      	MOVWF      FSR
0x00BA	0x0870      	MOVF       R0, 0
0x00BB	0x0080      	MOVWF      INDF
;__Lib_Conversions.c,109 :: 		
0x00BC	0x300A      	MOVLW      10
0x00BD	0x00F4      	MOVWF      R4
0x00BE	0x01F5      	CLRF       R4+1
0x00BF	0x0856      	MOVF       FARG_WordToStr_input, 0
0x00C0	0x00F0      	MOVWF      R0
0x00C1	0x0857      	MOVF       FARG_WordToStr_input+1, 0
0x00C2	0x00F1      	MOVWF      R0+1
0x00C3	0x2005      	CALL       _Div_16X16_U
0x00C4	0x0870      	MOVF       R0, 0
0x00C5	0x1683      	BSF        STATUS, 5
0x00C6	0x00D6      	MOVWF      FARG_WordToStr_input
0x00C7	0x0871      	MOVF       R0+1, 0
0x00C8	0x00D7      	MOVWF      FARG_WordToStr_input+1
;__Lib_Conversions.c,110 :: 		
0x00C9	0x3000      	MOVLW      0
0x00CA	0x0671      	XORWF      R0+1, 0
0x00CB	0x1D03      	BTFSS      STATUS, 2
0x00CC	0x28CF      	GOTO       L__WordToStr379
0x00CD	0x3000      	MOVLW      0
0x00CE	0x0670      	XORWF      R0, 0
L__WordToStr379:
0x00CF	0x1D03      	BTFSS      STATUS, 2
0x00D0	0x28D2      	GOTO       L_WordToStr16
;__Lib_Conversions.c,111 :: 		
0x00D1	0x28D4      	GOTO       L_WordToStr15
L_WordToStr16:
;__Lib_Conversions.c,112 :: 		
0x00D2	0x03D9      	DECF       WordToStr_len_L0, 1
;__Lib_Conversions.c,113 :: 		
0x00D3	0x28A6      	GOTO       L_WordToStr14
L_WordToStr15:
;__Lib_Conversions.c,114 :: 		
L_end_WordToStr:
0x00D4	0x0008      	RETURN
; end of _WordToStr
_Lcd_Chr_CP:
;__Lib_Lcd.c,50 :: 		
;__Lib_Lcd.c,52 :: 		
0x00D5	0x1683      	BSF        STATUS, 5
0x00D6	0x1303      	BCF        STATUS, 6
0x00D7	0x103A      	BCF        __Lib_Lcd_cmd_status, BitPos(__Lib_Lcd_cmd_status+0)
;__Lib_Lcd.c,53 :: 		
0x00D8	0x084D      	MOVF       FARG_Lcd_Chr_CP_out_char, 0
0x00D9	0x00D6      	MOVWF      FARG_Lcd_Cmd_out_char
0x00DA	0x2035      	CALL       _Lcd_Cmd
;__Lib_Lcd.c,54 :: 		
0x00DB	0x1683      	BSF        STATUS, 5
0x00DC	0x143A      	BSF        __Lib_Lcd_cmd_status, BitPos(__Lib_Lcd_cmd_status+0)
;__Lib_Lcd.c,55 :: 		
L_end_Lcd_Chr_CP:
0x00DD	0x0008      	RETURN
; end of _Lcd_Chr_CP
_____DoICP:
;__Lib_System.c,6 :: 		
;__Lib_System.c,9 :: 		
0x00DE	0x1683      	BSF        STATUS, 5
0x00DF	0x1303      	BCF        STATUS, 6
0x00E0	0x0831      	MOVF       ___DoICPAddr+1, 0
0x00E1	0x008A      	MOVWF      PCLATH
;__Lib_System.c,10 :: 		
0x00E2	0x0830      	MOVF       ___DoICPAddr, 0
0x00E3	0x0082      	MOVWF      PCL
;__Lib_System.c,12 :: 		
L_end_____DoICP:
0x00E4	0x0008      	RETURN
; end of _____DoICP
_update_time:
;Digita-Clock.c,48 :: 		void update_time(){
;Digita-Clock.c,51 :: 		second++;
0x00E5	0x1683      	BSF        STATUS, 5
0x00E6	0x1303      	BCF        STATUS, 6
0x00E7	0x0AAE      	INCF       _second, 1
0x00E8	0x1903      	BTFSC      STATUS, 2
0x00E9	0x0AAF      	INCF       _second+1, 1
;Digita-Clock.c,52 :: 		if (second >= 60){
0x00EA	0x3080      	MOVLW      128
0x00EB	0x062F      	XORWF      _second+1, 0
0x00EC	0x00F0      	MOVWF      R0
0x00ED	0x3080      	MOVLW      128
0x00EE	0x0270      	SUBWF      R0, 0
0x00EF	0x1D03      	BTFSS      STATUS, 2
0x00F0	0x28F3      	GOTO       L__update_time58
0x00F1	0x303C      	MOVLW      60
0x00F2	0x022E      	SUBWF      _second, 0
L__update_time58:
0x00F3	0x1C03      	BTFSS      STATUS, 0
0x00F4	0x28FC      	GOTO       L_update_time0
;Digita-Clock.c,53 :: 		minute++;
0x00F5	0x1283      	BCF        STATUS, 5
0x00F6	0x0AEE      	INCF       _minute, 1
0x00F7	0x1903      	BTFSC      STATUS, 2
0x00F8	0x0AEF      	INCF       _minute+1, 1
;Digita-Clock.c,54 :: 		second = 0;
0x00F9	0x1683      	BSF        STATUS, 5
0x00FA	0x01AE      	CLRF       _second
0x00FB	0x01AF      	CLRF       _second+1
;Digita-Clock.c,55 :: 		}
L_update_time0:
;Digita-Clock.c,56 :: 		if (minute >= 60){
0x00FC	0x3080      	MOVLW      128
0x00FD	0x1283      	BCF        STATUS, 5
0x00FE	0x066F      	XORWF      _minute+1, 0
0x00FF	0x00F0      	MOVWF      R0
0x0100	0x3080      	MOVLW      128
0x0101	0x0270      	SUBWF      R0, 0
0x0102	0x1D03      	BTFSS      STATUS, 2
0x0103	0x2906      	GOTO       L__update_time59
0x0104	0x303C      	MOVLW      60
0x0105	0x026E      	SUBWF      _minute, 0
L__update_time59:
0x0106	0x1C03      	BTFSS      STATUS, 0
0x0107	0x290F      	GOTO       L_update_time1
;Digita-Clock.c,57 :: 		hour++;
0x0108	0x1683      	BSF        STATUS, 5
0x0109	0x0AB2      	INCF       _hour, 1
0x010A	0x1903      	BTFSC      STATUS, 2
0x010B	0x0AB3      	INCF       _hour+1, 1
;Digita-Clock.c,58 :: 		minute = 0;
0x010C	0x1283      	BCF        STATUS, 5
0x010D	0x01EE      	CLRF       _minute
0x010E	0x01EF      	CLRF       _minute+1
;Digita-Clock.c,59 :: 		}
L_update_time1:
;Digita-Clock.c,60 :: 		if (hour >= 24){
0x010F	0x3080      	MOVLW      128
0x0110	0x1683      	BSF        STATUS, 5
0x0111	0x0633      	XORWF      _hour+1, 0
0x0112	0x00F0      	MOVWF      R0
0x0113	0x3080      	MOVLW      128
0x0114	0x0270      	SUBWF      R0, 0
0x0115	0x1D03      	BTFSS      STATUS, 2
0x0116	0x2919      	GOTO       L__update_time60
0x0117	0x3018      	MOVLW      24
0x0118	0x0232      	SUBWF      _hour, 0
L__update_time60:
0x0119	0x1C03      	BTFSS      STATUS, 0
0x011A	0x2920      	GOTO       L_update_time2
;Digita-Clock.c,61 :: 		day++;
0x011B	0x0AB8      	INCF       _day, 1
0x011C	0x1903      	BTFSC      STATUS, 2
0x011D	0x0AB9      	INCF       _day+1, 1
;Digita-Clock.c,62 :: 		hour = 0;
0x011E	0x01B2      	CLRF       _hour
0x011F	0x01B3      	CLRF       _hour+1
;Digita-Clock.c,63 :: 		}
L_update_time2:
;Digita-Clock.c,64 :: 		if (day >= 31){
0x0120	0x3080      	MOVLW      128
0x0121	0x0639      	XORWF      _day+1, 0
0x0122	0x00F0      	MOVWF      R0
0x0123	0x3080      	MOVLW      128
0x0124	0x0270      	SUBWF      R0, 0
0x0125	0x1D03      	BTFSS      STATUS, 2
0x0126	0x2929      	GOTO       L__update_time61
0x0127	0x301F      	MOVLW      31
0x0128	0x0238      	SUBWF      _day, 0
L__update_time61:
0x0129	0x1C03      	BTFSS      STATUS, 0
0x012A	0x2930      	GOTO       L_update_time3
;Digita-Clock.c,65 :: 		month++;
0x012B	0x0AB6      	INCF       _month, 1
0x012C	0x1903      	BTFSC      STATUS, 2
0x012D	0x0AB7      	INCF       _month+1, 1
;Digita-Clock.c,66 :: 		day = 0;
0x012E	0x01B8      	CLRF       _day
0x012F	0x01B9      	CLRF       _day+1
;Digita-Clock.c,67 :: 		}
L_update_time3:
;Digita-Clock.c,68 :: 		if (month >= 13){
0x0130	0x3080      	MOVLW      128
0x0131	0x0637      	XORWF      _month+1, 0
0x0132	0x00F0      	MOVWF      R0
0x0133	0x3080      	MOVLW      128
0x0134	0x0270      	SUBWF      R0, 0
0x0135	0x1D03      	BTFSS      STATUS, 2
0x0136	0x2939      	GOTO       L__update_time62
0x0137	0x300D      	MOVLW      13
0x0138	0x0236      	SUBWF      _month, 0
L__update_time62:
0x0139	0x1C03      	BTFSS      STATUS, 0
0x013A	0x2940      	GOTO       L_update_time4
;Digita-Clock.c,69 :: 		year++;
0x013B	0x0AB4      	INCF       _year, 1
0x013C	0x1903      	BTFSC      STATUS, 2
0x013D	0x0AB5      	INCF       _year+1, 1
;Digita-Clock.c,70 :: 		day = 0;
0x013E	0x01B8      	CLRF       _day
0x013F	0x01B9      	CLRF       _day+1
;Digita-Clock.c,71 :: 		}
L_update_time4:
;Digita-Clock.c,72 :: 		}
L_end_update_time:
0x0140	0x0008      	RETURN
; end of _update_time
_IntToStr:
;__Lib_Conversions.c,195 :: 		
;__Lib_Conversions.c,201 :: 		
0x0141	0x1683      	BSF        STATUS, 5
0x0142	0x1303      	BCF        STATUS, 6
0x0143	0x01D2      	CLRF       IntToStr_negative_L0
0x0144	0x01D3      	CLRF       IntToStr_negative_L0+1
;__Lib_Conversions.c,202 :: 		
0x0145	0x084D      	MOVF       FARG_IntToStr_input, 0
0x0146	0x00D4      	MOVWF      IntToStr_inword_L0
0x0147	0x084E      	MOVF       FARG_IntToStr_input+1, 0
0x0148	0x00D5      	MOVWF      IntToStr_inword_L0+1
;__Lib_Conversions.c,203 :: 		
0x0149	0x3080      	MOVLW      128
0x014A	0x064E      	XORWF      FARG_IntToStr_input+1, 0
0x014B	0x00F0      	MOVWF      R0
0x014C	0x3080      	MOVLW      128
0x014D	0x0270      	SUBWF      R0, 0
0x014E	0x1D03      	BTFSS      STATUS, 2
0x014F	0x2952      	GOTO       L__IntToStr387
0x0150	0x3000      	MOVLW      0
0x0151	0x024D      	SUBWF      FARG_IntToStr_input, 0
L__IntToStr387:
0x0152	0x1803      	BTFSC      STATUS, 0
0x0153	0x2960      	GOTO       L_IntToStr37
;__Lib_Conversions.c,204 :: 		
0x0154	0x3001      	MOVLW      1
0x0155	0x00D2      	MOVWF      IntToStr_negative_L0
0x0156	0x3000      	MOVLW      0
0x0157	0x00D3      	MOVWF      IntToStr_negative_L0+1
;__Lib_Conversions.c,205 :: 		
0x0158	0x084D      	MOVF       FARG_IntToStr_input, 0
0x0159	0x3C00      	SUBLW      0
0x015A	0x00D4      	MOVWF      IntToStr_inword_L0
0x015B	0x084E      	MOVF       FARG_IntToStr_input+1, 0
0x015C	0x1C03      	BTFSS      STATUS, 0
0x015D	0x3E01      	ADDLW      1
0x015E	0x01D5      	CLRF       IntToStr_inword_L0+1
0x015F	0x02D5      	SUBWF      IntToStr_inword_L0+1, 1
;__Lib_Conversions.c,206 :: 		
L_IntToStr37:
;__Lib_Conversions.c,207 :: 		
0x0160	0x0854      	MOVF       IntToStr_inword_L0, 0
0x0161	0x00D6      	MOVWF      FARG_WordToStr_input
0x0162	0x0855      	MOVF       IntToStr_inword_L0+1, 0
0x0163	0x00D7      	MOVWF      FARG_WordToStr_input+1
0x0164	0x084F      	MOVF       FARG_IntToStr_output, 0
0x0165	0x00D8      	MOVWF      FARG_WordToStr_output
0x0166	0x2093      	CALL       _WordToStr
;__Lib_Conversions.c,209 :: 		
0x0167	0x3006      	MOVLW      6
0x0168	0x00D0      	MOVWF      IntToStr_i_L0
0x0169	0x3000      	MOVLW      0
0x016A	0x00D1      	MOVWF      IntToStr_i_L0+1
;__Lib_Conversions.c,210 :: 		
L_IntToStr38:
0x016B	0x0851      	MOVF       IntToStr_i_L0+1, 0
0x016C	0x3C00      	SUBLW      0
0x016D	0x1D03      	BTFSS      STATUS, 2
0x016E	0x2971      	GOTO       L__IntToStr388
0x016F	0x0850      	MOVF       IntToStr_i_L0, 0
0x0170	0x3C00      	SUBLW      0
L__IntToStr388:
0x0171	0x1803      	BTFSC      STATUS, 0
0x0172	0x298C      	GOTO       L_IntToStr39
;__Lib_Conversions.c,211 :: 		
0x0173	0x0850      	MOVF       IntToStr_i_L0, 0
0x0174	0x074F      	ADDWF      FARG_IntToStr_output, 0
0x0175	0x00F2      	MOVWF      R2
0x0176	0x3001      	MOVLW      1
0x0177	0x0250      	SUBWF      IntToStr_i_L0, 0
0x0178	0x00F0      	MOVWF      R0
0x0179	0x3000      	MOVLW      0
0x017A	0x1C03      	BTFSS      STATUS, 0
0x017B	0x3E01      	ADDLW      1
0x017C	0x0251      	SUBWF      IntToStr_i_L0+1, 0
0x017D	0x00F1      	MOVWF      R0+1
0x017E	0x0870      	MOVF       R0, 0
0x017F	0x074F      	ADDWF      FARG_IntToStr_output, 0
0x0180	0x0084      	MOVWF      FSR
0x0181	0x0800      	MOVF       INDF, 0
0x0182	0x00F0      	MOVWF      R0
0x0183	0x0872      	MOVF       R2, 0
0x0184	0x0084      	MOVWF      FSR
0x0185	0x0870      	MOVF       R0, 0
0x0186	0x0080      	MOVWF      INDF
;__Lib_Conversions.c,212 :: 		
0x0187	0x3001      	MOVLW      1
0x0188	0x02D0      	SUBWF      IntToStr_i_L0, 1
0x0189	0x1C03      	BTFSS      STATUS, 0
0x018A	0x03D1      	DECF       IntToStr_i_L0+1, 1
;__Lib_Conversions.c,213 :: 		
0x018B	0x296B      	GOTO       L_IntToStr38
L_IntToStr39:
;__Lib_Conversions.c,214 :: 		
0x018C	0x084F      	MOVF       FARG_IntToStr_output, 0
0x018D	0x0084      	MOVWF      FSR
0x018E	0x3020      	MOVLW      32
0x018F	0x0080      	MOVWF      INDF
;__Lib_Conversions.c,215 :: 		
0x0190	0x0852      	MOVF       IntToStr_negative_L0, 0
0x0191	0x0453      	IORWF      IntToStr_negative_L0+1, 0
0x0192	0x1903      	BTFSC      STATUS, 2
0x0193	0x29AA      	GOTO       L_IntToStr40
;__Lib_Conversions.c,216 :: 		
0x0194	0x01D0      	CLRF       IntToStr_i_L0
0x0195	0x01D1      	CLRF       IntToStr_i_L0+1
;__Lib_Conversions.c,217 :: 		
L_IntToStr41:
0x0196	0x0850      	MOVF       IntToStr_i_L0, 0
0x0197	0x074F      	ADDWF      FARG_IntToStr_output, 0
0x0198	0x0084      	MOVWF      FSR
0x0199	0x0800      	MOVF       INDF, 0
0x019A	0x3A20      	XORLW      32
0x019B	0x1D03      	BTFSS      STATUS, 2
0x019C	0x29A1      	GOTO       L_IntToStr42
0x019D	0x0AD0      	INCF       IntToStr_i_L0, 1
0x019E	0x1903      	BTFSC      STATUS, 2
0x019F	0x0AD1      	INCF       IntToStr_i_L0+1, 1
0x01A0	0x2996      	GOTO       L_IntToStr41
L_IntToStr42:
;__Lib_Conversions.c,218 :: 		
0x01A1	0x3001      	MOVLW      1
0x01A2	0x02D0      	SUBWF      IntToStr_i_L0, 1
0x01A3	0x1C03      	BTFSS      STATUS, 0
0x01A4	0x03D1      	DECF       IntToStr_i_L0+1, 1
;__Lib_Conversions.c,219 :: 		
0x01A5	0x0850      	MOVF       IntToStr_i_L0, 0
0x01A6	0x074F      	ADDWF      FARG_IntToStr_output, 0
0x01A7	0x0084      	MOVWF      FSR
0x01A8	0x302D      	MOVLW      45
0x01A9	0x0080      	MOVWF      INDF
L_IntToStr40:
;__Lib_Conversions.c,220 :: 		
L_end_IntToStr:
0x01AA	0x0008      	RETURN
; end of _IntToStr
_get_time:
;Digita-Clock.c,74 :: 		void get_time(){
;Digita-Clock.c,75 :: 		update_time();
0x01AB	0x20E5      	CALL       _update_time
;Digita-Clock.c,76 :: 		Delay_ms(50);   // To Adject 1S time
0x01AC	0x3041      	MOVLW      65
0x01AD	0x00FC      	MOVWF      R12
0x01AE	0x30EE      	MOVLW      238
0x01AF	0x00FD      	MOVWF      R13
L_get_time5:
0x01B0	0x0BFD      	DECFSZ     R13, 1
0x01B1	0x29B0      	GOTO       L_get_time5
0x01B2	0x0BFC      	DECFSZ     R12, 1
0x01B3	0x29B0      	GOTO       L_get_time5
0x01B4	0x0000      	NOP
;Digita-Clock.c,78 :: 		IntToStr(hour, hourC);
0x01B5	0x0832      	MOVF       _hour, 0
0x01B6	0x00CD      	MOVWF      FARG_IntToStr_input
0x01B7	0x0833      	MOVF       _hour+1, 0
0x01B8	0x00CE      	MOVWF      FARG_IntToStr_input+1
0x01B9	0x3060      	MOVLW      _hourC
0x01BA	0x00CF      	MOVWF      FARG_IntToStr_output
0x01BB	0x2141      	CALL       _IntToStr
;Digita-Clock.c,79 :: 		time[0] = hourC[4];
0x01BC	0x1283      	BCF        STATUS, 5
0x01BD	0x0864      	MOVF       _hourC+4, 0
0x01BE	0x00A0      	MOVWF      _time
;Digita-Clock.c,80 :: 		time[1] = hourC[5];
0x01BF	0x0865      	MOVF       _hourC+5, 0
0x01C0	0x00A1      	MOVWF      _time+1
;Digita-Clock.c,81 :: 		IntToStr(minute, minuteC);
0x01C1	0x086E      	MOVF       _minute, 0
0x01C2	0x1683      	BSF        STATUS, 5
0x01C3	0x00CD      	MOVWF      FARG_IntToStr_input
0x01C4	0x1283      	BCF        STATUS, 5
0x01C5	0x086F      	MOVF       _minute+1, 0
0x01C6	0x1683      	BSF        STATUS, 5
0x01C7	0x00CE      	MOVWF      FARG_IntToStr_input+1
0x01C8	0x3067      	MOVLW      _minuteC
0x01C9	0x00CF      	MOVWF      FARG_IntToStr_output
0x01CA	0x2141      	CALL       _IntToStr
;Digita-Clock.c,82 :: 		time[4] = minuteC[4];
0x01CB	0x1283      	BCF        STATUS, 5
0x01CC	0x086B      	MOVF       _minuteC+4, 0
0x01CD	0x00A4      	MOVWF      _time+4
;Digita-Clock.c,83 :: 		time[5] = minuteC[5];
0x01CE	0x086C      	MOVF       _minuteC+5, 0
0x01CF	0x00A5      	MOVWF      _time+5
;Digita-Clock.c,84 :: 		IntToStr(second, secondC);
0x01D0	0x1683      	BSF        STATUS, 5
0x01D1	0x082E      	MOVF       _second, 0
0x01D2	0x00CD      	MOVWF      FARG_IntToStr_input
0x01D3	0x082F      	MOVF       _second+1, 0
0x01D4	0x00CE      	MOVWF      FARG_IntToStr_input+1
0x01D5	0x30A7      	MOVLW      _secondC
0x01D6	0x00CF      	MOVWF      FARG_IntToStr_output
0x01D7	0x2141      	CALL       _IntToStr
;Digita-Clock.c,85 :: 		time[8] = secondC[4];
0x01D8	0x082B      	MOVF       _secondC+4, 0
0x01D9	0x1283      	BCF        STATUS, 5
0x01DA	0x00A8      	MOVWF      _time+8
;Digita-Clock.c,86 :: 		time[9] = secondC[5];
0x01DB	0x1683      	BSF        STATUS, 5
0x01DC	0x082C      	MOVF       _secondC+5, 0
0x01DD	0x1283      	BCF        STATUS, 5
0x01DE	0x00A9      	MOVWF      _time+9
;Digita-Clock.c,88 :: 		IntToStr(day, dayC);
0x01DF	0x1683      	BSF        STATUS, 5
0x01E0	0x0838      	MOVF       _day, 0
0x01E1	0x00CD      	MOVWF      FARG_IntToStr_input
0x01E2	0x0839      	MOVF       _day+1, 0
0x01E3	0x00CE      	MOVWF      FARG_IntToStr_input+1
0x01E4	0x30A0      	MOVLW      _dayC
0x01E5	0x00CF      	MOVWF      FARG_IntToStr_output
0x01E6	0x2141      	CALL       _IntToStr
;Digita-Clock.c,89 :: 		date[0] = dayC[4];
0x01E7	0x0824      	MOVF       _dayC+4, 0
0x01E8	0x1283      	BCF        STATUS, 5
0x01E9	0x00AB      	MOVWF      _date
;Digita-Clock.c,90 :: 		date[1] = dayC[5];
0x01EA	0x1683      	BSF        STATUS, 5
0x01EB	0x0825      	MOVF       _dayC+5, 0
0x01EC	0x1283      	BCF        STATUS, 5
0x01ED	0x00AC      	MOVWF      _date+1
;Digita-Clock.c,91 :: 		IntToStr(month, monthC);
0x01EE	0x1683      	BSF        STATUS, 5
0x01EF	0x0836      	MOVF       _month, 0
0x01F0	0x00CD      	MOVWF      FARG_IntToStr_input
0x01F1	0x0837      	MOVF       _month+1, 0
0x01F2	0x00CE      	MOVWF      FARG_IntToStr_input+1
0x01F3	0x30C2      	MOVLW      _monthC
0x01F4	0x00CF      	MOVWF      FARG_IntToStr_output
0x01F5	0x2141      	CALL       _IntToStr
;Digita-Clock.c,92 :: 		date[4] = monthC[4];
0x01F6	0x0846      	MOVF       _monthC+4, 0
0x01F7	0x1283      	BCF        STATUS, 5
0x01F8	0x00AF      	MOVWF      _date+4
;Digita-Clock.c,93 :: 		date[5] = monthC[5];
0x01F9	0x1683      	BSF        STATUS, 5
0x01FA	0x0847      	MOVF       _monthC+5, 0
0x01FB	0x1283      	BCF        STATUS, 5
0x01FC	0x00B0      	MOVWF      _date+5
;Digita-Clock.c,94 :: 		IntToStr(year, yearC);
0x01FD	0x1683      	BSF        STATUS, 5
0x01FE	0x0834      	MOVF       _year, 0
0x01FF	0x00CD      	MOVWF      FARG_IntToStr_input
0x0200	0x0835      	MOVF       _year+1, 0
0x0201	0x00CE      	MOVWF      FARG_IntToStr_input+1
0x0202	0x30BB      	MOVLW      _yearC
0x0203	0x00CF      	MOVWF      FARG_IntToStr_output
0x0204	0x2141      	CALL       _IntToStr
;Digita-Clock.c,95 :: 		date[8] = yearC[4];
0x0205	0x083F      	MOVF       _yearC+4, 0
0x0206	0x1283      	BCF        STATUS, 5
0x0207	0x00B3      	MOVWF      _date+8
;Digita-Clock.c,96 :: 		date[9] = yearC[5];
0x0208	0x1683      	BSF        STATUS, 5
0x0209	0x0840      	MOVF       _yearC+5, 0
0x020A	0x1283      	BCF        STATUS, 5
0x020B	0x00B4      	MOVWF      _date+9
;Digita-Clock.c,97 :: 		}
L_end_get_time:
0x020C	0x0008      	RETURN
; end of _get_time
_Lcd_Out:
;__Lib_Lcd.c,184 :: 		
;__Lib_Lcd.c,187 :: 		
0x020D	0x2A1F      	GOTO       L_Lcd_Out11
;__Lib_Lcd.c,188 :: 		
L_Lcd_Out13:
0x020E	0x3080      	MOVLW      128
0x020F	0x1683      	BSF        STATUS, 5
0x0210	0x1303      	BCF        STATUS, 6
0x0211	0x00C9      	MOVWF      FARG_Lcd_Out_row
0x0212	0x2A32      	GOTO       L_Lcd_Out12
;__Lib_Lcd.c,189 :: 		
L_Lcd_Out14:
0x0213	0x30C0      	MOVLW      192
0x0214	0x00C9      	MOVWF      FARG_Lcd_Out_row
0x0215	0x2A32      	GOTO       L_Lcd_Out12
;__Lib_Lcd.c,190 :: 		
L_Lcd_Out15:
0x0216	0x3094      	MOVLW      148
0x0217	0x00C9      	MOVWF      FARG_Lcd_Out_row
0x0218	0x2A32      	GOTO       L_Lcd_Out12
;__Lib_Lcd.c,191 :: 		
L_Lcd_Out16:
0x0219	0x30D4      	MOVLW      212
0x021A	0x00C9      	MOVWF      FARG_Lcd_Out_row
0x021B	0x2A32      	GOTO       L_Lcd_Out12
;__Lib_Lcd.c,192 :: 		
L_Lcd_Out17:
0x021C	0x3080      	MOVLW      128
0x021D	0x00C9      	MOVWF      FARG_Lcd_Out_row
;__Lib_Lcd.c,193 :: 		
0x021E	0x2A32      	GOTO       L_Lcd_Out12
L_Lcd_Out11:
0x021F	0x1683      	BSF        STATUS, 5
0x0220	0x1303      	BCF        STATUS, 6
0x0221	0x0849      	MOVF       FARG_Lcd_Out_row, 0
0x0222	0x3A01      	XORLW      1
0x0223	0x1903      	BTFSC      STATUS, 2
0x0224	0x2A0E      	GOTO       L_Lcd_Out13
0x0225	0x0849      	MOVF       FARG_Lcd_Out_row, 0
0x0226	0x3A02      	XORLW      2
0x0227	0x1903      	BTFSC      STATUS, 2
0x0228	0x2A13      	GOTO       L_Lcd_Out14
0x0229	0x0849      	MOVF       FARG_Lcd_Out_row, 0
0x022A	0x3A03      	XORLW      3
0x022B	0x1903      	BTFSC      STATUS, 2
0x022C	0x2A16      	GOTO       L_Lcd_Out15
0x022D	0x0849      	MOVF       FARG_Lcd_Out_row, 0
0x022E	0x3A04      	XORLW      4
0x022F	0x1903      	BTFSC      STATUS, 2
0x0230	0x2A19      	GOTO       L_Lcd_Out16
0x0231	0x2A1C      	GOTO       L_Lcd_Out17
L_Lcd_Out12:
;__Lib_Lcd.c,194 :: 		
0x0232	0x034A      	DECF       FARG_Lcd_Out_column, 0
0x0233	0x00F0      	MOVWF      R0
0x0234	0x0849      	MOVF       FARG_Lcd_Out_row, 0
0x0235	0x07F0      	ADDWF      R0, 1
0x0236	0x0870      	MOVF       R0, 0
0x0237	0x00C9      	MOVWF      FARG_Lcd_Out_row
;__Lib_Lcd.c,196 :: 		
0x0238	0x0870      	MOVF       R0, 0
0x0239	0x00D6      	MOVWF      FARG_Lcd_Cmd_out_char
0x023A	0x2035      	CALL       _Lcd_Cmd
;__Lib_Lcd.c,197 :: 		
0x023B	0x1683      	BSF        STATUS, 5
0x023C	0x103A      	BCF        __Lib_Lcd_cmd_status, BitPos(__Lib_Lcd_cmd_status+0)
;__Lib_Lcd.c,198 :: 		
0x023D	0x01CC      	CLRF       Lcd_Out_i_L0
;__Lib_Lcd.c,199 :: 		
L_Lcd_Out18:
0x023E	0x084C      	MOVF       Lcd_Out_i_L0, 0
0x023F	0x074B      	ADDWF      FARG_Lcd_Out_text, 0
0x0240	0x0084      	MOVWF      FSR
0x0241	0x0800      	MOVF       INDF, 0
0x0242	0x1903      	BTFSC      STATUS, 2
0x0243	0x2A4C      	GOTO       L_Lcd_Out19
;__Lib_Lcd.c,200 :: 		
0x0244	0x084C      	MOVF       Lcd_Out_i_L0, 0
0x0245	0x074B      	ADDWF      FARG_Lcd_Out_text, 0
0x0246	0x0084      	MOVWF      FSR
0x0247	0x0800      	MOVF       INDF, 0
0x0248	0x00CD      	MOVWF      FARG_Lcd_Chr_CP_out_char
0x0249	0x20D5      	CALL       _Lcd_Chr_CP
0x024A	0x0ACC      	INCF       Lcd_Out_i_L0, 1
0x024B	0x2A3E      	GOTO       L_Lcd_Out18
L_Lcd_Out19:
;__Lib_Lcd.c,201 :: 		
0x024C	0x143A      	BSF        __Lib_Lcd_cmd_status, BitPos(__Lib_Lcd_cmd_status+0)
;__Lib_Lcd.c,202 :: 		
L_end_Lcd_Out:
0x024D	0x0008      	RETURN
; end of _Lcd_Out
___CC2DW:
;__Lib_System.c,134 :: 		
;__Lib_System.c,137 :: 		
_CC2D_Loop1:
;__Lib_System.c,139 :: 		
0x024E	0x20DE      	CALL       _____DoICP
0x024F	0x118A      	BCF        PCLATH, 3
0x0250	0x120A      	BCF        PCLATH, 4
;__Lib_System.c,141 :: 		
0x0251	0x0080      	MOVWF      INDF
;__Lib_System.c,142 :: 		
0x0252	0x0A84      	INCF       FSR, 1
;__Lib_System.c,143 :: 		
0x0253	0x0AB0      	INCF       ___DoICPAddr, 1
;__Lib_System.c,145 :: 		
0x0254	0x1903      	BTFSC      STATUS, 2
;__Lib_System.c,146 :: 		
0x0255	0x0AB1      	INCF       ___DoICPAddr+1, 1
;__Lib_System.c,147 :: 		
0x0256	0x03F0      	DECF       R0, 1
;__Lib_System.c,149 :: 		
0x0257	0x1D03      	BTFSS      STATUS, 2
;__Lib_System.c,150 :: 		
0x0258	0x2A4E      	GOTO       _CC2D_Loop1
;__Lib_System.c,152 :: 		
L_end___CC2DW:
0x0259	0x0008      	RETURN
; end of ___CC2DW
_Lcd_Init:
;__Lib_Lcd.c,84 :: 		
;__Lib_Lcd.c,86 :: 		
0x025A	0x1683      	BSF        STATUS, 5
0x025B	0x1303      	BCF        STATUS, 6
0x025C	0x1086      	BCF        LCD_EN_Direction, BitPos(LCD_EN_Direction+0)
;__Lib_Lcd.c,87 :: 		
0x025D	0x1006      	BCF        LCD_RS_Direction, BitPos(LCD_RS_Direction+0)
;__Lib_Lcd.c,88 :: 		
0x025E	0x1106      	BCF        LCD_D4_Direction, BitPos(LCD_D4_Direction+0)
;__Lib_Lcd.c,89 :: 		
0x025F	0x1186      	BCF        LCD_D5_Direction, BitPos(LCD_D5_Direction+0)
;__Lib_Lcd.c,90 :: 		
0x0260	0x1206      	BCF        LCD_D6_Direction, BitPos(LCD_D6_Direction+0)
;__Lib_Lcd.c,91 :: 		
0x0261	0x1286      	BCF        LCD_D7_Direction, BitPos(LCD_D7_Direction+0)
;__Lib_Lcd.c,93 :: 		
0x0262	0x1283      	BCF        STATUS, 5
0x0263	0x1086      	BCF        LCD_EN, BitPos(LCD_EN+0)
;__Lib_Lcd.c,94 :: 		
0x0264	0x1006      	BCF        LCD_RS, BitPos(LCD_RS+0)
;__Lib_Lcd.c,95 :: 		
0x0265	0x1286      	BCF        LCD_D7, BitPos(LCD_D7+0)
;__Lib_Lcd.c,96 :: 		
0x0266	0x1206      	BCF        LCD_D6, BitPos(LCD_D6+0)
;__Lib_Lcd.c,97 :: 		
0x0267	0x1186      	BCF        LCD_D5, BitPos(LCD_D5+0)
;__Lib_Lcd.c,98 :: 		
0x0268	0x1106      	BCF        LCD_D4, BitPos(LCD_D4+0)
;__Lib_Lcd.c,100 :: 		
0x0269	0x202A      	CALL       _Delay_5500us
;__Lib_Lcd.c,101 :: 		
0x026A	0x202A      	CALL       _Delay_5500us
;__Lib_Lcd.c,102 :: 		
0x026B	0x202A      	CALL       _Delay_5500us
;__Lib_Lcd.c,105 :: 		
0x026C	0x1586      	BSF        LCD_D5, BitPos(LCD_D5+0)
;__Lib_Lcd.c,106 :: 		
0x026D	0x1506      	BSF        LCD_D4, BitPos(LCD_D4+0)
;__Lib_Lcd.c,107 :: 		
0x026E	0x1486      	BSF        LCD_EN, BitPos(LCD_EN+0)
;__Lib_Lcd.c,108 :: 		
0x026F	0x2003      	CALL       _Delay_1us
;__Lib_Lcd.c,109 :: 		
0x0270	0x1086      	BCF        LCD_EN, BitPos(LCD_EN+0)
;__Lib_Lcd.c,110 :: 		
0x0271	0x202A      	CALL       _Delay_5500us
;__Lib_Lcd.c,112 :: 		
0x0272	0x1486      	BSF        LCD_EN, BitPos(LCD_EN+0)
;__Lib_Lcd.c,113 :: 		
0x0273	0x2003      	CALL       _Delay_1us
;__Lib_Lcd.c,114 :: 		
0x0274	0x1086      	BCF        LCD_EN, BitPos(LCD_EN+0)
;__Lib_Lcd.c,115 :: 		
0x0275	0x202A      	CALL       _Delay_5500us
;__Lib_Lcd.c,117 :: 		
0x0276	0x1486      	BSF        LCD_EN, BitPos(LCD_EN+0)
;__Lib_Lcd.c,118 :: 		
0x0277	0x2003      	CALL       _Delay_1us
;__Lib_Lcd.c,119 :: 		
0x0278	0x1086      	BCF        LCD_EN, BitPos(LCD_EN+0)
;__Lib_Lcd.c,120 :: 		
0x0279	0x202A      	CALL       _Delay_5500us
;__Lib_Lcd.c,123 :: 		
0x027A	0x1106      	BCF        LCD_D4, BitPos(LCD_D4+0)
;__Lib_Lcd.c,124 :: 		
0x027B	0x1486      	BSF        LCD_EN, BitPos(LCD_EN+0)
;__Lib_Lcd.c,125 :: 		
0x027C	0x2003      	CALL       _Delay_1us
;__Lib_Lcd.c,126 :: 		
0x027D	0x1086      	BCF        LCD_EN, BitPos(LCD_EN+0)
;__Lib_Lcd.c,127 :: 		
0x027E	0x202A      	CALL       _Delay_5500us
;__Lib_Lcd.c,130 :: 		
0x027F	0x1486      	BSF        LCD_EN, BitPos(LCD_EN+0)
;__Lib_Lcd.c,131 :: 		
0x0280	0x2003      	CALL       _Delay_1us
;__Lib_Lcd.c,132 :: 		
0x0281	0x1086      	BCF        LCD_EN, BitPos(LCD_EN+0)
;__Lib_Lcd.c,134 :: 		
0x0282	0x1186      	BCF        LCD_D5, BitPos(LCD_D5+0)
;__Lib_Lcd.c,135 :: 		
0x0283	0x1686      	BSF        LCD_D7, BitPos(LCD_D7+0)
;__Lib_Lcd.c,136 :: 		
0x0284	0x1486      	BSF        LCD_EN, BitPos(LCD_EN+0)
;__Lib_Lcd.c,137 :: 		
0x0285	0x2003      	CALL       _Delay_1us
;__Lib_Lcd.c,138 :: 		
0x0286	0x1086      	BCF        LCD_EN, BitPos(LCD_EN+0)
;__Lib_Lcd.c,139 :: 		
0x0287	0x202A      	CALL       _Delay_5500us
;__Lib_Lcd.c,142 :: 		
0x0288	0x1286      	BCF        LCD_D7, BitPos(LCD_D7+0)
;__Lib_Lcd.c,143 :: 		
0x0289	0x1506      	BSF        LCD_D4, BitPos(LCD_D4+0)
;__Lib_Lcd.c,144 :: 		
0x028A	0x1486      	BSF        LCD_EN, BitPos(LCD_EN+0)
;__Lib_Lcd.c,145 :: 		
0x028B	0x2003      	CALL       _Delay_1us
;__Lib_Lcd.c,146 :: 		
0x028C	0x1086      	BCF        LCD_EN, BitPos(LCD_EN+0)
;__Lib_Lcd.c,148 :: 		
0x028D	0x1106      	BCF        LCD_D4, BitPos(LCD_D4+0)
;__Lib_Lcd.c,149 :: 		
0x028E	0x1486      	BSF        LCD_EN, BitPos(LCD_EN+0)
;__Lib_Lcd.c,150 :: 		
0x028F	0x2003      	CALL       _Delay_1us
;__Lib_Lcd.c,151 :: 		
0x0290	0x1086      	BCF        LCD_EN, BitPos(LCD_EN+0)
;__Lib_Lcd.c,152 :: 		
0x0291	0x202A      	CALL       _Delay_5500us
;__Lib_Lcd.c,155 :: 		
0x0292	0x1486      	BSF        LCD_EN, BitPos(LCD_EN+0)
;__Lib_Lcd.c,156 :: 		
0x0293	0x2003      	CALL       _Delay_1us
;__Lib_Lcd.c,157 :: 		
0x0294	0x1086      	BCF        LCD_EN, BitPos(LCD_EN+0)
;__Lib_Lcd.c,159 :: 		
0x0295	0x1506      	BSF        LCD_D4, BitPos(LCD_D4+0)
;__Lib_Lcd.c,160 :: 		
0x0296	0x1486      	BSF        LCD_EN, BitPos(LCD_EN+0)
;__Lib_Lcd.c,161 :: 		
0x0297	0x2003      	CALL       _Delay_1us
;__Lib_Lcd.c,162 :: 		
0x0298	0x1086      	BCF        LCD_EN, BitPos(LCD_EN+0)
;__Lib_Lcd.c,163 :: 		
0x0299	0x202A      	CALL       _Delay_5500us
;__Lib_Lcd.c,166 :: 		
0x029A	0x1106      	BCF        LCD_D4, BitPos(LCD_D4+0)
;__Lib_Lcd.c,167 :: 		
0x029B	0x1486      	BSF        LCD_EN, BitPos(LCD_EN+0)
;__Lib_Lcd.c,168 :: 		
0x029C	0x2003      	CALL       _Delay_1us
;__Lib_Lcd.c,169 :: 		
0x029D	0x1086      	BCF        LCD_EN, BitPos(LCD_EN+0)
;__Lib_Lcd.c,171 :: 		
0x029E	0x1686      	BSF        LCD_D7, BitPos(LCD_D7+0)
;__Lib_Lcd.c,172 :: 		
0x029F	0x1606      	BSF        LCD_D6, BitPos(LCD_D6+0)
;__Lib_Lcd.c,173 :: 		
0x02A0	0x1586      	BSF        LCD_D5, BitPos(LCD_D5+0)
;__Lib_Lcd.c,174 :: 		
0x02A1	0x1506      	BSF        LCD_D4, BitPos(LCD_D4+0)
;__Lib_Lcd.c,175 :: 		
0x02A2	0x1486      	BSF        LCD_EN, BitPos(LCD_EN+0)
;__Lib_Lcd.c,176 :: 		
0x02A3	0x2003      	CALL       _Delay_1us
;__Lib_Lcd.c,177 :: 		
0x02A4	0x1086      	BCF        LCD_EN, BitPos(LCD_EN+0)
;__Lib_Lcd.c,179 :: 		
0x02A5	0x202A      	CALL       _Delay_5500us
;__Lib_Lcd.c,181 :: 		
0x02A6	0x1683      	BSF        STATUS, 5
0x02A7	0x143A      	BSF        __Lib_Lcd_cmd_status, BitPos(__Lib_Lcd_cmd_status+0)
;__Lib_Lcd.c,182 :: 		
L_end_Lcd_Init:
0x02A8	0x0008      	RETURN
; end of _Lcd_Init
_main:
0x02A9	0x24CC      	CALL       1228
;Digita-Clock.c,99 :: 		void main(){
;Digita-Clock.c,100 :: 		TRISA = 0x0F;//RA0 input
0x02AA	0x300F      	MOVLW      15
0x02AB	0x1683      	BSF        STATUS, 5
0x02AC	0x1303      	BCF        STATUS, 6
0x02AD	0x0085      	MOVWF      TRISA
;Digita-Clock.c,101 :: 		TRISB = 0x00;//all output
0x02AE	0x0186      	CLRF       TRISB
;Digita-Clock.c,102 :: 		TRISC = 0xFF;//all input
0x02AF	0x30FF      	MOVLW      255
0x02B0	0x0087      	MOVWF      TRISC
;Digita-Clock.c,103 :: 		ADCON1= 0x07;//all digital
0x02B1	0x3007      	MOVLW      7
0x02B2	0x009F      	MOVWF      ADCON1
;Digita-Clock.c,104 :: 		ADCON0= 0x00;//ADC OFF
0x02B3	0x1283      	BCF        STATUS, 5
0x02B4	0x019F      	CLRF       ADCON0
;Digita-Clock.c,106 :: 		Lcd_Init();                // Initialize LCD
0x02B5	0x225A      	CALL       _Lcd_Init
;Digita-Clock.c,107 :: 		Lcd_Cmd(_LCD_CLEAR);       // Clear LCD display
0x02B6	0x3001      	MOVLW      1
0x02B7	0x00D6      	MOVWF      FARG_Lcd_Cmd_out_char
0x02B8	0x2035      	CALL       _Lcd_Cmd
;Digita-Clock.c,108 :: 		Lcd_Cmd(_LCD_CURSOR_OFF);  // Turn cursor off
0x02B9	0x300C      	MOVLW      12
0x02BA	0x1683      	BSF        STATUS, 5
0x02BB	0x00D6      	MOVWF      FARG_Lcd_Cmd_out_char
0x02BC	0x2035      	CALL       _Lcd_Cmd
;Digita-Clock.c,110 :: 		while(1){
L_main6:
0x02BD	0x1283      	BCF        STATUS, 5
;Digita-Clock.c,111 :: 		if(!menu_button && old_state1){
0x02BE	0x1805      	BTFSC      RA0_bit, BitPos(RA0_bit+0)
0x02BF	0x2AD3      	GOTO       L_main10
0x02C0	0x1683      	BSF        STATUS, 5
0x02C1	0x1CBA      	BTFSS      _old_state1, BitPos(_old_state1+0)
0x02C2	0x2AD3      	GOTO       L_main10
L__main56:
;Digita-Clock.c,112 :: 		old_state1=0;
0x02C3	0x10BA      	BCF        _old_state1, BitPos(_old_state1+0)
;Digita-Clock.c,113 :: 		if(set_count<6)set_count++;
0x02C4	0x3006      	MOVLW      6
0x02C5	0x1283      	BCF        STATUS, 5
0x02C6	0x0253      	SUBWF      _set_count, 0
0x02C7	0x1803      	BTFSC      STATUS, 0
0x02C8	0x2ACB      	GOTO       L_main11
0x02C9	0x0AD3      	INCF       _set_count, 1
0x02CA	0x2ACD      	GOTO       L_main12
L_main11:
;Digita-Clock.c,114 :: 		else set_count = 1;
0x02CB	0x3001      	MOVLW      1
0x02CC	0x00D3      	MOVWF      _set_count
L_main12:
;Digita-Clock.c,115 :: 		Lcd_Cmd(_LCD_CLEAR);
0x02CD	0x3001      	MOVLW      1
0x02CE	0x1683      	BSF        STATUS, 5
0x02CF	0x00D6      	MOVWF      FARG_Lcd_Cmd_out_char
0x02D0	0x2035      	CALL       _Lcd_Cmd
;Digita-Clock.c,116 :: 		mode = 1;
0x02D1	0x3001      	MOVLW      1
0x02D2	0x00DF      	MOVWF      _mode
;Digita-Clock.c,117 :: 		}
L_main10:
0x02D3	0x1283      	BCF        STATUS, 5
;Digita-Clock.c,118 :: 		if(menu_button && !old_state1) old_state1 = 1;
0x02D4	0x1C05      	BTFSS      RA0_bit, BitPos(RA0_bit+0)
0x02D5	0x2ADA      	GOTO       L_main15
0x02D6	0x1683      	BSF        STATUS, 5
0x02D7	0x18BA      	BTFSC      _old_state1, BitPos(_old_state1+0)
0x02D8	0x2ADA      	GOTO       L_main15
L__main55:
0x02D9	0x14BA      	BSF        _old_state1, BitPos(_old_state1+0)
L_main15:
;Digita-Clock.c,119 :: 		if(!back_button){
0x02DA	0x1283      	BCF        STATUS, 5
0x02DB	0x1885      	BTFSC      RA1_bit, BitPos(RA1_bit+0)
0x02DC	0x2ADF      	GOTO       L_main16
;Digita-Clock.c,120 :: 		mode = 0;
0x02DD	0x01DF      	CLRF       _mode
;Digita-Clock.c,121 :: 		set_count = 0;
0x02DE	0x01D3      	CLRF       _set_count
;Digita-Clock.c,122 :: 		}
L_main16:
;Digita-Clock.c,123 :: 		if(mode){
0x02DF	0x085F      	MOVF       _mode, 0
0x02E0	0x1903      	BTFSC      STATUS, 2
0x02E1	0x2B0C      	GOTO       L_main17
;Digita-Clock.c,124 :: 		Lcd_Out(1,1,"EDIT");
0x02E2	0x3001      	MOVLW      1
0x02E3	0x1683      	BSF        STATUS, 5
0x02E4	0x00C9      	MOVWF      FARG_Lcd_Out_row
0x02E5	0x3001      	MOVLW      1
0x02E6	0x00CA      	MOVWF      FARG_Lcd_Out_column
0x02E7	0x305A      	MOVLW      ?lstr1_Digita-Clock
0x02E8	0x00CB      	MOVWF      FARG_Lcd_Out_text
0x02E9	0x220D      	CALL       _Lcd_Out
;Digita-Clock.c,125 :: 		Lcd_Out(2,1,"CLOCK");
0x02EA	0x3002      	MOVLW      2
0x02EB	0x00C9      	MOVWF      FARG_Lcd_Out_row
0x02EC	0x3001      	MOVLW      1
0x02ED	0x00CA      	MOVWF      FARG_Lcd_Out_column
0x02EE	0x3054      	MOVLW      ?lstr2_Digita-Clock
0x02EF	0x00CB      	MOVWF      FARG_Lcd_Out_text
0x02F0	0x220D      	CALL       _Lcd_Out
;Digita-Clock.c,126 :: 		get_time();
0x02F1	0x21AB      	CALL       _get_time
;Digita-Clock.c,127 :: 		Lcd_Out(1,7, time);
0x02F2	0x3001      	MOVLW      1
0x02F3	0x1683      	BSF        STATUS, 5
0x02F4	0x00C9      	MOVWF      FARG_Lcd_Out_row
0x02F5	0x3007      	MOVLW      7
0x02F6	0x00CA      	MOVWF      FARG_Lcd_Out_column
0x02F7	0x3020      	MOVLW      _time
0x02F8	0x00CB      	MOVWF      FARG_Lcd_Out_text
0x02F9	0x220D      	CALL       _Lcd_Out
;Digita-Clock.c,128 :: 		Lcd_Out(2,7, date);
0x02FA	0x3002      	MOVLW      2
0x02FB	0x00C9      	MOVWF      FARG_Lcd_Out_row
0x02FC	0x3007      	MOVLW      7
0x02FD	0x00CA      	MOVWF      FARG_Lcd_Out_column
0x02FE	0x302B      	MOVLW      _date
0x02FF	0x00CB      	MOVWF      FARG_Lcd_Out_text
0x0300	0x220D      	CALL       _Lcd_Out
;Digita-Clock.c,129 :: 		Delay_ms(100);
0x0301	0x3082      	MOVLW      130
0x0302	0x00FC      	MOVWF      R12
0x0303	0x30DD      	MOVLW      221
0x0304	0x00FD      	MOVWF      R13
L_main18:
0x0305	0x0BFD      	DECFSZ     R13, 1
0x0306	0x2B05      	GOTO       L_main18
0x0307	0x0BFC      	DECFSZ     R12, 1
0x0308	0x2B05      	GOTO       L_main18
0x0309	0x0000      	NOP
0x030A	0x0000      	NOP
;Digita-Clock.c,130 :: 		}
0x030B	0x2B34      	GOTO       L_main19
L_main17:
;Digita-Clock.c,132 :: 		get_time();
0x030C	0x21AB      	CALL       _get_time
;Digita-Clock.c,133 :: 		Lcd_Out(1,1,"Time: ");
0x030D	0x3001      	MOVLW      1
0x030E	0x1683      	BSF        STATUS, 5
0x030F	0x00C9      	MOVWF      FARG_Lcd_Out_row
0x0310	0x3001      	MOVLW      1
0x0311	0x00CA      	MOVWF      FARG_Lcd_Out_column
0x0312	0x304C      	MOVLW      ?lstr3_Digita-Clock
0x0313	0x00CB      	MOVWF      FARG_Lcd_Out_text
0x0314	0x220D      	CALL       _Lcd_Out
;Digita-Clock.c,134 :: 		Lcd_Out(2,1,"Date: ");
0x0315	0x3002      	MOVLW      2
0x0316	0x00C9      	MOVWF      FARG_Lcd_Out_row
0x0317	0x3001      	MOVLW      1
0x0318	0x00CA      	MOVWF      FARG_Lcd_Out_column
0x0319	0x303C      	MOVLW      ?lstr4_Digita-Clock
0x031A	0x00CB      	MOVWF      FARG_Lcd_Out_text
0x031B	0x220D      	CALL       _Lcd_Out
;Digita-Clock.c,135 :: 		Lcd_Out(1,7, time);
0x031C	0x3001      	MOVLW      1
0x031D	0x00C9      	MOVWF      FARG_Lcd_Out_row
0x031E	0x3007      	MOVLW      7
0x031F	0x00CA      	MOVWF      FARG_Lcd_Out_column
0x0320	0x3020      	MOVLW      _time
0x0321	0x00CB      	MOVWF      FARG_Lcd_Out_text
0x0322	0x220D      	CALL       _Lcd_Out
;Digita-Clock.c,136 :: 		Lcd_Out(2,7, date);
0x0323	0x3002      	MOVLW      2
0x0324	0x00C9      	MOVWF      FARG_Lcd_Out_row
0x0325	0x3007      	MOVLW      7
0x0326	0x00CA      	MOVWF      FARG_Lcd_Out_column
0x0327	0x302B      	MOVLW      _date
0x0328	0x00CB      	MOVWF      FARG_Lcd_Out_text
0x0329	0x220D      	CALL       _Lcd_Out
;Digita-Clock.c,137 :: 		Delay_ms(100);
0x032A	0x3082      	MOVLW      130
0x032B	0x00FC      	MOVWF      R12
0x032C	0x30DD      	MOVLW      221
0x032D	0x00FD      	MOVWF      R13
L_main20:
0x032E	0x0BFD      	DECFSZ     R13, 1
0x032F	0x2B2E      	GOTO       L_main20
0x0330	0x0BFC      	DECFSZ     R12, 1
0x0331	0x2B2E      	GOTO       L_main20
0x0332	0x0000      	NOP
0x0333	0x0000      	NOP
;Digita-Clock.c,138 :: 		}
L_main19:
;Digita-Clock.c,139 :: 		if(set_count){
0x0334	0x1283      	BCF        STATUS, 5
0x0335	0x0853      	MOVF       _set_count, 0
0x0336	0x1903      	BTFSC      STATUS, 2
0x0337	0x2C84      	GOTO       L_main21
;Digita-Clock.c,140 :: 		switch(set_count){
0x0338	0x2C6B      	GOTO       L_main22
;Digita-Clock.c,141 :: 		case 1:
L_main24:
;Digita-Clock.c,142 :: 		if(!plus_button)hour = hour + 1;
0x0339	0x1905      	BTFSC      RA2_bit, BitPos(RA2_bit+0)
0x033A	0x2B3F      	GOTO       L_main25
0x033B	0x1683      	BSF        STATUS, 5
0x033C	0x0AB2      	INCF       _hour, 1
0x033D	0x1903      	BTFSC      STATUS, 2
0x033E	0x0AB3      	INCF       _hour+1, 1
L_main25:
;Digita-Clock.c,143 :: 		if(!minus_button)hour = hour - 1;
0x033F	0x1283      	BCF        STATUS, 5
0x0340	0x1985      	BTFSC      RA3_bit, BitPos(RA3_bit+0)
0x0341	0x2B47      	GOTO       L_main26
0x0342	0x3001      	MOVLW      1
0x0343	0x1683      	BSF        STATUS, 5
0x0344	0x02B2      	SUBWF      _hour, 1
0x0345	0x1C03      	BTFSS      STATUS, 0
0x0346	0x03B3      	DECF       _hour+1, 1
L_main26:
0x0347	0x1683      	BSF        STATUS, 5
;Digita-Clock.c,144 :: 		if(hour>= 24)
0x0348	0x3080      	MOVLW      128
0x0349	0x0633      	XORWF      _hour+1, 0
0x034A	0x00F0      	MOVWF      R0
0x034B	0x3080      	MOVLW      128
0x034C	0x0270      	SUBWF      R0, 0
0x034D	0x1D03      	BTFSS      STATUS, 2
0x034E	0x2B51      	GOTO       L__main65
0x034F	0x3018      	MOVLW      24
0x0350	0x0232      	SUBWF      _hour, 0
L__main65:
0x0351	0x1C03      	BTFSS      STATUS, 0
0x0352	0x2B55      	GOTO       L_main27
;Digita-Clock.c,145 :: 		hour = 0;
0x0353	0x01B2      	CLRF       _hour
0x0354	0x01B3      	CLRF       _hour+1
L_main27:
;Digita-Clock.c,146 :: 		Lcd_Out(1,7,"  ");
0x0355	0x3001      	MOVLW      1
0x0356	0x00C9      	MOVWF      FARG_Lcd_Out_row
0x0357	0x3007      	MOVLW      7
0x0358	0x00CA      	MOVWF      FARG_Lcd_Out_column
0x0359	0x3039      	MOVLW      ?lstr5_Digita-Clock
0x035A	0x00CB      	MOVWF      FARG_Lcd_Out_text
0x035B	0x220D      	CALL       _Lcd_Out
;Digita-Clock.c,147 :: 		Delay_ms(100);
0x035C	0x3082      	MOVLW      130
0x035D	0x00FC      	MOVWF      R12
0x035E	0x30DD      	MOVLW      221
0x035F	0x00FD      	MOVWF      R13
L_main28:
0x0360	0x0BFD      	DECFSZ     R13, 1
0x0361	0x2B60      	GOTO       L_main28
0x0362	0x0BFC      	DECFSZ     R12, 1
0x0363	0x2B60      	GOTO       L_main28
0x0364	0x0000      	NOP
0x0365	0x0000      	NOP
;Digita-Clock.c,148 :: 		break;
0x0366	0x2C84      	GOTO       L_main23
;Digita-Clock.c,149 :: 		case 2:
L_main29:
;Digita-Clock.c,150 :: 		if(!plus_button)minute+=1;
0x0367	0x1283      	BCF        STATUS, 5
0x0368	0x1905      	BTFSC      RA2_bit, BitPos(RA2_bit+0)
0x0369	0x2B6D      	GOTO       L_main30
0x036A	0x0AEE      	INCF       _minute, 1
0x036B	0x1903      	BTFSC      STATUS, 2
0x036C	0x0AEF      	INCF       _minute+1, 1
L_main30:
;Digita-Clock.c,151 :: 		if(!minus_button)minute -= 1;
0x036D	0x1985      	BTFSC      RA3_bit, BitPos(RA3_bit+0)
0x036E	0x2B73      	GOTO       L_main31
0x036F	0x3001      	MOVLW      1
0x0370	0x02EE      	SUBWF      _minute, 1
0x0371	0x1C03      	BTFSS      STATUS, 0
0x0372	0x03EF      	DECF       _minute+1, 1
L_main31:
;Digita-Clock.c,152 :: 		if(minute >= 60)
0x0373	0x3080      	MOVLW      128
0x0374	0x066F      	XORWF      _minute+1, 0
0x0375	0x00F0      	MOVWF      R0
0x0376	0x3080      	MOVLW      128
0x0377	0x0270      	SUBWF      R0, 0
0x0378	0x1D03      	BTFSS      STATUS, 2
0x0379	0x2B7C      	GOTO       L__main66
0x037A	0x303C      	MOVLW      60
0x037B	0x026E      	SUBWF      _minute, 0
L__main66:
0x037C	0x1C03      	BTFSS      STATUS, 0
0x037D	0x2B80      	GOTO       L_main32
;Digita-Clock.c,153 :: 		minute = 0;
0x037E	0x01EE      	CLRF       _minute
0x037F	0x01EF      	CLRF       _minute+1
L_main32:
;Digita-Clock.c,154 :: 		if(minute < 0)
0x0380	0x3080      	MOVLW      128
0x0381	0x066F      	XORWF      _minute+1, 0
0x0382	0x00F0      	MOVWF      R0
0x0383	0x3080      	MOVLW      128
0x0384	0x0270      	SUBWF      R0, 0
0x0385	0x1D03      	BTFSS      STATUS, 2
0x0386	0x2B89      	GOTO       L__main67
0x0387	0x3000      	MOVLW      0
0x0388	0x026E      	SUBWF      _minute, 0
L__main67:
0x0389	0x1803      	BTFSC      STATUS, 0
0x038A	0x2B8F      	GOTO       L_main33
;Digita-Clock.c,155 :: 		minute = 59;
0x038B	0x303B      	MOVLW      59
0x038C	0x00EE      	MOVWF      _minute
0x038D	0x3000      	MOVLW      0
0x038E	0x00EF      	MOVWF      _minute+1
L_main33:
;Digita-Clock.c,156 :: 		Lcd_Out(1,11,"  ");
0x038F	0x3001      	MOVLW      1
0x0390	0x1683      	BSF        STATUS, 5
0x0391	0x00C9      	MOVWF      FARG_Lcd_Out_row
0x0392	0x300B      	MOVLW      11
0x0393	0x00CA      	MOVWF      FARG_Lcd_Out_column
0x0394	0x3036      	MOVLW      ?lstr6_Digita-Clock
0x0395	0x00CB      	MOVWF      FARG_Lcd_Out_text
0x0396	0x220D      	CALL       _Lcd_Out
;Digita-Clock.c,157 :: 		Delay_ms(100);
0x0397	0x3082      	MOVLW      130
0x0398	0x00FC      	MOVWF      R12
0x0399	0x30DD      	MOVLW      221
0x039A	0x00FD      	MOVWF      R13
L_main34:
0x039B	0x0BFD      	DECFSZ     R13, 1
0x039C	0x2B9B      	GOTO       L_main34
0x039D	0x0BFC      	DECFSZ     R12, 1
0x039E	0x2B9B      	GOTO       L_main34
0x039F	0x0000      	NOP
0x03A0	0x0000      	NOP
;Digita-Clock.c,158 :: 		break;
0x03A1	0x2C84      	GOTO       L_main23
;Digita-Clock.c,159 :: 		case 3:
L_main35:
;Digita-Clock.c,160 :: 		Delay_ms(100);
0x03A2	0x3082      	MOVLW      130
0x03A3	0x00FC      	MOVWF      R12
0x03A4	0x30DD      	MOVLW      221
0x03A5	0x00FD      	MOVWF      R13
L_main36:
0x03A6	0x0BFD      	DECFSZ     R13, 1
0x03A7	0x2BA6      	GOTO       L_main36
0x03A8	0x0BFC      	DECFSZ     R12, 1
0x03A9	0x2BA6      	GOTO       L_main36
0x03AA	0x0000      	NOP
0x03AB	0x0000      	NOP
;Digita-Clock.c,161 :: 		break;
0x03AC	0x2C84      	GOTO       L_main23
;Digita-Clock.c,162 :: 		case 4:
L_main37:
;Digita-Clock.c,163 :: 		if(!plus_button)day = day + 1;
0x03AD	0x1283      	BCF        STATUS, 5
0x03AE	0x1905      	BTFSC      RA2_bit, BitPos(RA2_bit+0)
0x03AF	0x2BB4      	GOTO       L_main38
0x03B0	0x1683      	BSF        STATUS, 5
0x03B1	0x0AB8      	INCF       _day, 1
0x03B2	0x1903      	BTFSC      STATUS, 2
0x03B3	0x0AB9      	INCF       _day+1, 1
L_main38:
;Digita-Clock.c,164 :: 		if(!minus_button)day = day - 1;
0x03B4	0x1283      	BCF        STATUS, 5
0x03B5	0x1985      	BTFSC      RA3_bit, BitPos(RA3_bit+0)
0x03B6	0x2BBC      	GOTO       L_main39
0x03B7	0x3001      	MOVLW      1
0x03B8	0x1683      	BSF        STATUS, 5
0x03B9	0x02B8      	SUBWF      _day, 1
0x03BA	0x1C03      	BTFSS      STATUS, 0
0x03BB	0x03B9      	DECF       _day+1, 1
L_main39:
0x03BC	0x1683      	BSF        STATUS, 5
;Digita-Clock.c,165 :: 		if(day >= 32)
0x03BD	0x3080      	MOVLW      128
0x03BE	0x0639      	XORWF      _day+1, 0
0x03BF	0x00F0      	MOVWF      R0
0x03C0	0x3080      	MOVLW      128
0x03C1	0x0270      	SUBWF      R0, 0
0x03C2	0x1D03      	BTFSS      STATUS, 2
0x03C3	0x2BC6      	GOTO       L__main68
0x03C4	0x3020      	MOVLW      32
0x03C5	0x0238      	SUBWF      _day, 0
L__main68:
0x03C6	0x1C03      	BTFSS      STATUS, 0
0x03C7	0x2BCC      	GOTO       L_main40
;Digita-Clock.c,166 :: 		day = 1;
0x03C8	0x3001      	MOVLW      1
0x03C9	0x00B8      	MOVWF      _day
0x03CA	0x3000      	MOVLW      0
0x03CB	0x00B9      	MOVWF      _day+1
L_main40:
;Digita-Clock.c,167 :: 		if(day < 0)
0x03CC	0x3080      	MOVLW      128
0x03CD	0x0639      	XORWF      _day+1, 0
0x03CE	0x00F0      	MOVWF      R0
0x03CF	0x3080      	MOVLW      128
0x03D0	0x0270      	SUBWF      R0, 0
0x03D1	0x1D03      	BTFSS      STATUS, 2
0x03D2	0x2BD5      	GOTO       L__main69
0x03D3	0x3000      	MOVLW      0
0x03D4	0x0238      	SUBWF      _day, 0
L__main69:
0x03D5	0x1803      	BTFSC      STATUS, 0
0x03D6	0x2BDB      	GOTO       L_main41
;Digita-Clock.c,168 :: 		day = 31;
0x03D7	0x301F      	MOVLW      31
0x03D8	0x00B8      	MOVWF      _day
0x03D9	0x3000      	MOVLW      0
0x03DA	0x00B9      	MOVWF      _day+1
L_main41:
;Digita-Clock.c,169 :: 		Lcd_Out(2,7,"  ");
0x03DB	0x3002      	MOVLW      2
0x03DC	0x00C9      	MOVWF      FARG_Lcd_Out_row
0x03DD	0x3007      	MOVLW      7
0x03DE	0x00CA      	MOVWF      FARG_Lcd_Out_column
0x03DF	0x3043      	MOVLW      ?lstr7_Digita-Clock
0x03E0	0x00CB      	MOVWF      FARG_Lcd_Out_text
0x03E1	0x220D      	CALL       _Lcd_Out
;Digita-Clock.c,170 :: 		Delay_ms(100);
0x03E2	0x3082      	MOVLW      130
0x03E3	0x00FC      	MOVWF      R12
0x03E4	0x30DD      	MOVLW      221
0x03E5	0x00FD      	MOVWF      R13
L_main42:
0x03E6	0x0BFD      	DECFSZ     R13, 1
0x03E7	0x2BE6      	GOTO       L_main42
0x03E8	0x0BFC      	DECFSZ     R12, 1
0x03E9	0x2BE6      	GOTO       L_main42
0x03EA	0x0000      	NOP
0x03EB	0x0000      	NOP
;Digita-Clock.c,171 :: 		break;
0x03EC	0x2C84      	GOTO       L_main23
;Digita-Clock.c,172 :: 		case 5:
L_main43:
;Digita-Clock.c,173 :: 		if(!plus_button)month = month + 1;
0x03ED	0x1283      	BCF        STATUS, 5
0x03EE	0x1905      	BTFSC      RA2_bit, BitPos(RA2_bit+0)
0x03EF	0x2BF4      	GOTO       L_main44
0x03F0	0x1683      	BSF        STATUS, 5
0x03F1	0x0AB6      	INCF       _month, 1
0x03F2	0x1903      	BTFSC      STATUS, 2
0x03F3	0x0AB7      	INCF       _month+1, 1
L_main44:
;Digita-Clock.c,174 :: 		if(!minus_button)month = month - 1;
0x03F4	0x1283      	BCF        STATUS, 5
0x03F5	0x1985      	BTFSC      RA3_bit, BitPos(RA3_bit+0)
0x03F6	0x2BFC      	GOTO       L_main45
0x03F7	0x3001      	MOVLW      1
0x03F8	0x1683      	BSF        STATUS, 5
0x03F9	0x02B6      	SUBWF      _month, 1
0x03FA	0x1C03      	BTFSS      STATUS, 0
0x03FB	0x03B7      	DECF       _month+1, 1
L_main45:
0x03FC	0x1683      	BSF        STATUS, 5
;Digita-Clock.c,175 :: 		if(month >= 13)
0x03FD	0x3080      	MOVLW      128
0x03FE	0x0637      	XORWF      _month+1, 0
0x03FF	0x00F0      	MOVWF      R0
0x0400	0x3080      	MOVLW      128
0x0401	0x0270      	SUBWF      R0, 0
0x0402	0x1D03      	BTFSS      STATUS, 2
0x0403	0x2C06      	GOTO       L__main70
0x0404	0x300D      	MOVLW      13
0x0405	0x0236      	SUBWF      _month, 0
L__main70:
0x0406	0x1C03      	BTFSS      STATUS, 0
0x0407	0x2C0C      	GOTO       L_main46
;Digita-Clock.c,176 :: 		month = 1;
0x0408	0x3001      	MOVLW      1
0x0409	0x00B6      	MOVWF      _month
0x040A	0x3000      	MOVLW      0
0x040B	0x00B7      	MOVWF      _month+1
L_main46:
;Digita-Clock.c,177 :: 		if(month < 0)
0x040C	0x3080      	MOVLW      128
0x040D	0x0637      	XORWF      _month+1, 0
0x040E	0x00F0      	MOVWF      R0
0x040F	0x3080      	MOVLW      128
0x0410	0x0270      	SUBWF      R0, 0
0x0411	0x1D03      	BTFSS      STATUS, 2
0x0412	0x2C15      	GOTO       L__main71
0x0413	0x3000      	MOVLW      0
0x0414	0x0236      	SUBWF      _month, 0
L__main71:
0x0415	0x1803      	BTFSC      STATUS, 0
0x0416	0x2C1B      	GOTO       L_main47
;Digita-Clock.c,178 :: 		month = 12;
0x0417	0x300C      	MOVLW      12
0x0418	0x00B6      	MOVWF      _month
0x0419	0x3000      	MOVLW      0
0x041A	0x00B7      	MOVWF      _month+1
L_main47:
;Digita-Clock.c,179 :: 		Lcd_Out(2,11,"  ");
0x041B	0x3002      	MOVLW      2
0x041C	0x00C9      	MOVWF      FARG_Lcd_Out_row
0x041D	0x300B      	MOVLW      11
0x041E	0x00CA      	MOVWF      FARG_Lcd_Out_column
0x041F	0x3049      	MOVLW      ?lstr8_Digita-Clock
0x0420	0x00CB      	MOVWF      FARG_Lcd_Out_text
0x0421	0x220D      	CALL       _Lcd_Out
;Digita-Clock.c,180 :: 		Delay_ms(100);
0x0422	0x3082      	MOVLW      130
0x0423	0x00FC      	MOVWF      R12
0x0424	0x30DD      	MOVLW      221
0x0425	0x00FD      	MOVWF      R13
L_main48:
0x0426	0x0BFD      	DECFSZ     R13, 1
0x0427	0x2C26      	GOTO       L_main48
0x0428	0x0BFC      	DECFSZ     R12, 1
0x0429	0x2C26      	GOTO       L_main48
0x042A	0x0000      	NOP
0x042B	0x0000      	NOP
;Digita-Clock.c,181 :: 		break;
0x042C	0x2C84      	GOTO       L_main23
;Digita-Clock.c,182 :: 		case 6:
L_main49:
;Digita-Clock.c,183 :: 		if(!plus_button)year = year + 1;
0x042D	0x1283      	BCF        STATUS, 5
0x042E	0x1905      	BTFSC      RA2_bit, BitPos(RA2_bit+0)
0x042F	0x2C34      	GOTO       L_main50
0x0430	0x1683      	BSF        STATUS, 5
0x0431	0x0AB4      	INCF       _year, 1
0x0432	0x1903      	BTFSC      STATUS, 2
0x0433	0x0AB5      	INCF       _year+1, 1
L_main50:
;Digita-Clock.c,184 :: 		if(!minus_button)year = year - 1;
0x0434	0x1283      	BCF        STATUS, 5
0x0435	0x1985      	BTFSC      RA3_bit, BitPos(RA3_bit+0)
0x0436	0x2C3C      	GOTO       L_main51
0x0437	0x3001      	MOVLW      1
0x0438	0x1683      	BSF        STATUS, 5
0x0439	0x02B4      	SUBWF      _year, 1
0x043A	0x1C03      	BTFSS      STATUS, 0
0x043B	0x03B5      	DECF       _year+1, 1
L_main51:
0x043C	0x1683      	BSF        STATUS, 5
;Digita-Clock.c,185 :: 		if(year <= -1)
0x043D	0x307F      	MOVLW      127
0x043E	0x00F0      	MOVWF      R0
0x043F	0x3080      	MOVLW      128
0x0440	0x0635      	XORWF      _year+1, 0
0x0441	0x0270      	SUBWF      R0, 0
0x0442	0x1D03      	BTFSS      STATUS, 2
0x0443	0x2C46      	GOTO       L__main72
0x0444	0x0834      	MOVF       _year, 0
0x0445	0x3CFF      	SUBLW      255
L__main72:
0x0446	0x1C03      	BTFSS      STATUS, 0
0x0447	0x2C4C      	GOTO       L_main52
;Digita-Clock.c,186 :: 		year = 99;
0x0448	0x3063      	MOVLW      99
0x0449	0x00B4      	MOVWF      _year
0x044A	0x3000      	MOVLW      0
0x044B	0x00B5      	MOVWF      _year+1
L_main52:
;Digita-Clock.c,187 :: 		if(year > 50)
0x044C	0x3080      	MOVLW      128
0x044D	0x00F0      	MOVWF      R0
0x044E	0x3080      	MOVLW      128
0x044F	0x0635      	XORWF      _year+1, 0
0x0450	0x0270      	SUBWF      R0, 0
0x0451	0x1D03      	BTFSS      STATUS, 2
0x0452	0x2C55      	GOTO       L__main73
0x0453	0x0834      	MOVF       _year, 0
0x0454	0x3C32      	SUBLW      50
L__main73:
0x0455	0x1803      	BTFSC      STATUS, 0
0x0456	0x2C59      	GOTO       L_main53
;Digita-Clock.c,188 :: 		year = 0;
0x0457	0x01B4      	CLRF       _year
0x0458	0x01B5      	CLRF       _year+1
L_main53:
;Digita-Clock.c,189 :: 		Lcd_Out(2,15,"  ");
0x0459	0x3002      	MOVLW      2
0x045A	0x00C9      	MOVWF      FARG_Lcd_Out_row
0x045B	0x300F      	MOVLW      15
0x045C	0x00CA      	MOVWF      FARG_Lcd_Out_column
0x045D	0x3046      	MOVLW      ?lstr9_Digita-Clock
0x045E	0x00CB      	MOVWF      FARG_Lcd_Out_text
0x045F	0x220D      	CALL       _Lcd_Out
;Digita-Clock.c,190 :: 		Delay_ms(100);
0x0460	0x3082      	MOVLW      130
0x0461	0x00FC      	MOVWF      R12
0x0462	0x30DD      	MOVLW      221
0x0463	0x00FD      	MOVWF      R13
L_main54:
0x0464	0x0BFD      	DECFSZ     R13, 1
0x0465	0x2C64      	GOTO       L_main54
0x0466	0x0BFC      	DECFSZ     R12, 1
0x0467	0x2C64      	GOTO       L_main54
0x0468	0x0000      	NOP
0x0469	0x0000      	NOP
;Digita-Clock.c,191 :: 		break;
0x046A	0x2C84      	GOTO       L_main23
;Digita-Clock.c,194 :: 		}
L_main22:
0x046B	0x1283      	BCF        STATUS, 5
0x046C	0x0853      	MOVF       _set_count, 0
0x046D	0x3A01      	XORLW      1
0x046E	0x1903      	BTFSC      STATUS, 2
0x046F	0x2B39      	GOTO       L_main24
0x0470	0x0853      	MOVF       _set_count, 0
0x0471	0x3A02      	XORLW      2
0x0472	0x1903      	BTFSC      STATUS, 2
0x0473	0x2B67      	GOTO       L_main29
0x0474	0x0853      	MOVF       _set_count, 0
0x0475	0x3A03      	XORLW      3
0x0476	0x1903      	BTFSC      STATUS, 2
0x0477	0x2BA2      	GOTO       L_main35
0x0478	0x0853      	MOVF       _set_count, 0
0x0479	0x3A04      	XORLW      4
0x047A	0x1903      	BTFSC      STATUS, 2
0x047B	0x2BAD      	GOTO       L_main37
0x047C	0x0853      	MOVF       _set_count, 0
0x047D	0x3A05      	XORLW      5
0x047E	0x1903      	BTFSC      STATUS, 2
0x047F	0x2BED      	GOTO       L_main43
0x0480	0x0853      	MOVF       _set_count, 0
0x0481	0x3A06      	XORLW      6
0x0482	0x1903      	BTFSC      STATUS, 2
0x0483	0x2C2D      	GOTO       L_main49
L_main23:
;Digita-Clock.c,195 :: 		}
L_main21:
;Digita-Clock.c,196 :: 		}
0x0484	0x2ABD      	GOTO       L_main6
;Digita-Clock.c,197 :: 		}
L_end_main:
0x0485	0x2C85      	GOTO       $+0
; end of _main
0x04CC	0x3020      	MOVLW      32
0x04CD	0x0084      	MOVWF      FSR
0x04CE	0x3040      	MOVLW      64
0x04CF	0x1283      	BCF        STATUS, 5
0x04D0	0x1303      	BCF        STATUS, 6
0x04D1	0x00F0      	MOVWF      R0
0x04D2	0x308B      	MOVLW      139
0x04D3	0x1683      	BSF        STATUS, 5
0x04D4	0x00B0      	MOVWF      ___DoICPAddr
0x04D5	0x3004      	MOVLW      4
0x04D6	0x00B1      	MOVWF      177
0x04D7	0x224E      	CALL       590
0x04D8	0x0008      	RETURN
;Digita-Clock.c,0 :: ?ICS_time
0x048B	0x3430 ;?ICS_time+0
0x048C	0x3430 ;?ICS_time+1
0x048D	0x343A ;?ICS_time+2
0x048E	0x3420 ;?ICS_time+3
0x048F	0x3430 ;?ICS_time+4
0x0490	0x3430 ;?ICS_time+5
0x0491	0x343A ;?ICS_time+6
0x0492	0x3420 ;?ICS_time+7
0x0493	0x3430 ;?ICS_time+8
0x0494	0x3430 ;?ICS_time+9
0x0495	0x3400 ;?ICS_time+10
; end of ?ICS_time
;Digita-Clock.c,0 :: ?ICS_date
0x0496	0x3430 ;?ICS_date+0
0x0497	0x3430 ;?ICS_date+1
0x0498	0x343A ;?ICS_date+2
0x0499	0x3420 ;?ICS_date+3
0x049A	0x3430 ;?ICS_date+4
0x049B	0x3430 ;?ICS_date+5
0x049C	0x343A ;?ICS_date+6
0x049D	0x3420 ;?ICS_date+7
0x049E	0x3430 ;?ICS_date+8
0x049F	0x3430 ;?ICS_date+9
0x04A0	0x3400 ;?ICS_date+10
; end of ?ICS_date
;Digita-Clock.c,0 :: ?ICS?lstr6_Digita-Clock
0x04A1	0x3420 ;?ICS?lstr6_Digita-Clock+0
0x04A2	0x3420 ;?ICS?lstr6_Digita-Clock+1
0x04A3	0x3400 ;?ICS?lstr6_Digita-Clock+2
; end of ?ICS?lstr6_Digita-Clock
;Digita-Clock.c,0 :: ?ICS?lstr5_Digita-Clock
0x04A4	0x3420 ;?ICS?lstr5_Digita-Clock+0
0x04A5	0x3420 ;?ICS?lstr5_Digita-Clock+1
0x04A6	0x3400 ;?ICS?lstr5_Digita-Clock+2
; end of ?ICS?lstr5_Digita-Clock
;Digita-Clock.c,0 :: ?ICS?lstr4_Digita-Clock
0x04A7	0x3444 ;?ICS?lstr4_Digita-Clock+0
0x04A8	0x3461 ;?ICS?lstr4_Digita-Clock+1
0x04A9	0x3474 ;?ICS?lstr4_Digita-Clock+2
0x04AA	0x3465 ;?ICS?lstr4_Digita-Clock+3
0x04AB	0x343A ;?ICS?lstr4_Digita-Clock+4
0x04AC	0x3420 ;?ICS?lstr4_Digita-Clock+5
0x04AD	0x3400 ;?ICS?lstr4_Digita-Clock+6
; end of ?ICS?lstr4_Digita-Clock
;Digita-Clock.c,0 :: ?ICS?lstr7_Digita-Clock
0x04AE	0x3420 ;?ICS?lstr7_Digita-Clock+0
0x04AF	0x3420 ;?ICS?lstr7_Digita-Clock+1
0x04B0	0x3400 ;?ICS?lstr7_Digita-Clock+2
; end of ?ICS?lstr7_Digita-Clock
;Digita-Clock.c,0 :: ?ICS?lstr9_Digita-Clock
0x04B1	0x3420 ;?ICS?lstr9_Digita-Clock+0
0x04B2	0x3420 ;?ICS?lstr9_Digita-Clock+1
0x04B3	0x3400 ;?ICS?lstr9_Digita-Clock+2
; end of ?ICS?lstr9_Digita-Clock
;Digita-Clock.c,0 :: ?ICS?lstr8_Digita-Clock
0x04B4	0x3420 ;?ICS?lstr8_Digita-Clock+0
0x04B5	0x3420 ;?ICS?lstr8_Digita-Clock+1
0x04B6	0x3400 ;?ICS?lstr8_Digita-Clock+2
; end of ?ICS?lstr8_Digita-Clock
;Digita-Clock.c,0 :: ?ICS?lstr3_Digita-Clock
0x04B7	0x3454 ;?ICS?lstr3_Digita-Clock+0
0x04B8	0x3469 ;?ICS?lstr3_Digita-Clock+1
0x04B9	0x346D ;?ICS?lstr3_Digita-Clock+2
0x04BA	0x3465 ;?ICS?lstr3_Digita-Clock+3
0x04BB	0x343A ;?ICS?lstr3_Digita-Clock+4
0x04BC	0x3420 ;?ICS?lstr3_Digita-Clock+5
0x04BD	0x3400 ;?ICS?lstr3_Digita-Clock+6
; end of ?ICS?lstr3_Digita-Clock
;Digita-Clock.c,0 :: ?ICS_set_count
0x04BE	0x3400 ;?ICS_set_count+0
; end of ?ICS_set_count
;Digita-Clock.c,0 :: ?ICS?lstr2_Digita-Clock
0x04BF	0x3443 ;?ICS?lstr2_Digita-Clock+0
0x04C0	0x344C ;?ICS?lstr2_Digita-Clock+1
0x04C1	0x344F ;?ICS?lstr2_Digita-Clock+2
0x04C2	0x3443 ;?ICS?lstr2_Digita-Clock+3
0x04C3	0x344B ;?ICS?lstr2_Digita-Clock+4
0x04C4	0x3400 ;?ICS?lstr2_Digita-Clock+5
; end of ?ICS?lstr2_Digita-Clock
;Digita-Clock.c,0 :: ?ICS?lstr1_Digita-Clock
0x04C5	0x3445 ;?ICS?lstr1_Digita-Clock+0
0x04C6	0x3444 ;?ICS?lstr1_Digita-Clock+1
0x04C7	0x3449 ;?ICS?lstr1_Digita-Clock+2
0x04C8	0x3454 ;?ICS?lstr1_Digita-Clock+3
0x04C9	0x3400 ;?ICS?lstr1_Digita-Clock+4
; end of ?ICS?lstr1_Digita-Clock
;Digita-Clock.c,0 :: ?ICS_mode
0x04CA	0x3400 ;?ICS_mode+0
; end of ?ICS_mode
Symbol List:
//** Routines locations **
//ADDRESS    SIZE    PROCEDURE
//----------------------------------------------
0x0003       [2]    _Delay_1us
0x0005      [29]    _Div_16X16_U
0x0022       [8]    _Delay_50us
0x002A      [11]    _Delay_5500us
0x0035      [94]    _Lcd_Cmd
0x0093      [66]    _WordToStr
0x00D5       [9]    _Lcd_Chr_CP
0x00DE       [7]    _____DoICP
0x00E5      [92]    _update_time
0x0141     [106]    _IntToStr
0x01AB      [98]    _get_time
0x020D      [65]    _Lcd_Out
0x024E      [12]    ___CC2DW
0x025A      [79]    _Lcd_Init
0x02A9     [476]    _main
//** Variables locations ** 
//ADDRESS    SIZE    VARIABLE
//----------------------------------------------
0x0000       [1]    INDF
0x0002       [1]    PCL
0x0003       [1]    STATUS
0x0004       [1]    FSR
0x0005       [0]    RA3_bit
0x0005       [0]    RA2_bit
0x0005       [0]    RA0_bit
0x0005       [0]    RA1_bit
0x0006       [0]    LCD_EN
0x0006       [0]    LCD_RS
0x0006       [0]    LCD_D4
0x0006       [0]    LCD_D7
0x0006       [0]    LCD_D6
0x0006       [0]    LCD_D5
0x0006       [0]    RB2_bit
0x0006       [0]    RB1_bit
0x0006       [0]    RB0_bit
0x0006       [0]    RB3_bit
0x0006       [0]    RB5_bit
0x0006       [0]    RB4_bit
0x000A       [1]    PCLATH
0x001F       [1]    ADCON0
0x0020      [11]    _time
0x002B      [11]    _date
0x0036       [3]    ?lstr6_Digita-Clock
0x0039       [3]    ?lstr5_Digita-Clock
0x003C       [7]    ?lstr4_Digita-Clock
0x0043       [3]    ?lstr7_Digita-Clock
0x0046       [3]    ?lstr9_Digita-Clock
0x0049       [3]    ?lstr8_Digita-Clock
0x004C       [7]    ?lstr3_Digita-Clock
0x0053       [1]    _set_count
0x0054       [6]    ?lstr2_Digita-Clock
0x005A       [5]    ?lstr1_Digita-Clock
0x005F       [1]    _mode
0x0060       [7]    _hourC
0x0067       [7]    _minuteC
0x006E       [2]    _minute
0x0070       [1]    R0
0x0071       [1]    R1
0x0072       [1]    R2
0x0073       [1]    R3
0x0074       [1]    R4
0x0075       [1]    R5
0x0076       [1]    R6
0x0077       [1]    R7
0x0078       [1]    R8
0x0079       [1]    R9
0x007A       [1]    R10
0x007B       [1]    R11
0x007C       [1]    R12
0x007D       [1]    R13
0x007E       [1]    R14
0x007F       [1]    R15
0x0085       [1]    TRISA
0x0086       [0]    LCD_RS_Direction
0x0086       [0]    TRISB5_bit
0x0086       [0]    TRISB1_bit
0x0086       [0]    TRISB0_bit
0x0086       [0]    LCD_D6_Direction
0x0086       [0]    LCD_D5_Direction
0x0086       [0]    LCD_D7_Direction
0x0086       [0]    LCD_EN_Direction
0x0086       [0]    LCD_D4_Direction
0x0086       [0]    TRISB2_bit
0x0086       [0]    TRISB3_bit
0x0086       [1]    TRISB
0x0086       [0]    TRISB4_bit
0x0087       [1]    TRISC
0x009F       [1]    ADCON1
0x00A0       [7]    _dayC
0x00A7       [7]    _secondC
0x00AE       [2]    _second
0x00B0       [2]    ___DoICPAddr
0x00B2       [2]    _hour
0x00B4       [2]    _year
0x00B6       [2]    _month
0x00B8       [2]    _day
0x00BA       [0]    _old_state1
0x00BA       [0]    __Lib_Lcd_cmd_status
0x00BB       [7]    _yearC
0x00C2       [7]    _monthC
0x00C9       [1]    FARG_Lcd_Out_row
0x00CA       [1]    FARG_Lcd_Out_column
0x00CB       [1]    FARG_Lcd_Out_text
0x00CC       [1]    Lcd_Out_i_L0
0x00CD       [2]    FARG_IntToStr_input
0x00CD       [1]    FARG_Lcd_Chr_CP_out_char
0x00CF       [1]    FARG_IntToStr_output
0x00D0       [2]    IntToStr_i_L0
0x00D2       [2]    IntToStr_negative_L0
0x00D4       [2]    IntToStr_inword_L0
0x00D6       [2]    FARG_WordToStr_input
0x00D6       [1]    FARG_Lcd_Cmd_out_char
0x00D8       [1]    FARG_WordToStr_output
0x00D9       [1]    WordToStr_len_L0
0x00DA       [1]    FLOC__WordToStr
//** Constants locations ** 
//ADDRESS    SIZE    CONSTANT
//----------------------------------------------
0x048B      [11]    ?ICS_time
0x0496      [11]    ?ICS_date
0x04A1       [3]    ?ICS?lstr6_Digita-Clock
0x04A4       [3]    ?ICS?lstr5_Digita-Clock
0x04A7       [7]    ?ICS?lstr4_Digita-Clock
0x04AE       [3]    ?ICS?lstr7_Digita-Clock
0x04B1       [3]    ?ICS?lstr9_Digita-Clock
0x04B4       [3]    ?ICS?lstr8_Digita-Clock
0x04B7       [7]    ?ICS?lstr3_Digita-Clock
0x04BE       [1]    ?ICS_set_count
0x04BF       [6]    ?ICS?lstr2_Digita-Clock
0x04C5       [5]    ?ICS?lstr1_Digita-Clock
0x04CA       [1]    ?ICS_mode
